{"C:\\Users\\gustavo-medeiros\\Documents\\APM\\APM.AAP\\APM.Angular\\src\\app\\app.component.html": {"path":"C:\\Users\\gustavo-medeiros\\Documents\\APM\\APM.AAP\\APM.Angular\\src\\app\\app.component.html","statementMap":{"0":{"start":{"line":1,"column":0},"end":{"line":1,"column":52}}},"fnMap":{},"branchMap":{},"s":{"0":1},"f":{},"b":{},"_coverageSchema":"1a1c01bbd47fc00a2c39e90264f33305004495a9","hash":"583848c448c5bb06c4f603431d32d8f35739d577"}
,"C:\\Users\\gustavo-medeiros\\Documents\\APM\\APM.AAP\\APM.Angular\\src\\app\\app.component.ts": {"path":"C:\\Users\\gustavo-medeiros\\Documents\\APM\\APM.AAP\\APM.Angular\\src\\app\\app.component.ts","statementMap":{"0":{"start":{"line":1,"column":0},"end":{"line":1,"column":87}},"1":{"start":{"line":2,"column":0},"end":{"line":2,"column":57}},"2":{"start":{"line":3,"column":0},"end":{"line":3,"column":50}},"3":{"start":{"line":4,"column":0},"end":{"line":4,"column":47}},"4":{"start":{"line":5,"column":0},"end":{"line":5,"column":80}},"5":{"start":{"line":6,"column":0},"end":{"line":6,"column":61}},"6":{"start":{"line":20,"column":10},"end":{"line":20,"column":25}},"7":{"start":{"line":22,"column":21},"end":{"line":22,"column":61}},"8":{"start":{"line":22,"column":71},"end":{"line":22,"column":95}},"9":{"start":{"line":25,"column":4},"end":{"line":29,"column":7}},"10":{"start":{"line":26,"column":6},"end":{"line":28,"column":7}},"11":{"start":{"line":27,"column":8},"end":{"line":27,"column":45}},"12":{"start":{"line":19,"column":13},"end":{"line":19,"column":25}},"13":{"start":{"line":19,"column":13},"end":{"line":31,"column":null}}},"fnMap":{"0":{"name":"(anonymous_0)","decl":{"start":{"line":22,"column":2},"end":{"line":22,"column":21}},"loc":{"start":{"line":22,"column":95},"end":{"line":22,"column":100}}},"1":{"name":"(anonymous_1)","decl":{"start":{"line":24,"column":2},"end":{"line":24,"column":10}},"loc":{"start":{"line":24,"column":10},"end":{"line":30,"column":3}}},"2":{"name":"(anonymous_2)","decl":{"start":{"line":25,"column":85},"end":{"line":25,"column":86}},"loc":{"start":{"line":25,"column":109},"end":{"line":29,"column":5}}}},"branchMap":{"0":{"loc":{"start":{"line":26,"column":6},"end":{"line":28,"column":7}},"type":"if","locations":[{"start":{"line":26,"column":6},"end":{"line":28,"column":7}}]}},"s":{"0":1,"1":1,"2":1,"3":1,"4":1,"5":1,"6":4,"7":4,"8":4,"9":2,"10":2,"11":1,"12":1,"13":1},"f":{"0":4,"1":2,"2":2},"b":{"0":[1]}}
,"C:\\Users\\gustavo-medeiros\\Documents\\APM\\APM.AAP\\APM.Angular\\src\\app\\core\\base\\base-form.component.ts": {"path":"C:\\Users\\gustavo-medeiros\\Documents\\APM\\APM.AAP\\APM.Angular\\src\\app\\core\\base\\base-form.component.ts","statementMap":{"0":{"start":{"line":1,"column":0},"end":{"line":1,"column":43}},"1":{"start":{"line":3,"column":0},"end":{"line":3,"column":51}},"2":{"start":{"line":4,"column":0},"end":{"line":4,"column":49}},"3":{"start":{"line":7,"column":16},"end":{"line":7,"column":22}},"4":{"start":{"line":8,"column":20},"end":{"line":8,"column":37}},"5":{"start":{"line":12,"column":4},"end":{"line":12,"column":12}},"6":{"start":{"line":11,"column":21},"end":{"line":11,"column":51}},"7":{"start":{"line":13,"column":4},"end":{"line":13,"column":63}},"8":{"start":{"line":17,"column":4},"end":{"line":19,"column":6}},"9":{"start":{"line":23,"column":4},"end":{"line":23,"column":45}},"10":{"start":{"line":27,"column":4},"end":{"line":39,"column":5}},"11":{"start":{"line":29,"column":6},"end":{"line":29,"column":44}},"12":{"start":{"line":31,"column":26},"end":{"line":31,"column":49}},"13":{"start":{"line":33,"column":6},"end":{"line":38,"column":7}},"14":{"start":{"line":34,"column":8},"end":{"line":34,"column":20}},"15":{"start":{"line":37,"column":8},"end":{"line":37,"column":20}},"16":{"start":{"line":43,"column":4},"end":{"line":53,"column":5}},"17":{"start":{"line":44,"column":6},"end":{"line":49,"column":9}},"18":{"start":{"line":45,"column":24},"end":{"line":45,"column":42}},"19":{"start":{"line":46,"column":8},"end":{"line":48,"column":9}},"20":{"start":{"line":47,"column":10},"end":{"line":47,"column":32}},"21":{"start":{"line":50,"column":6},"end":{"line":52,"column":12}},"22":{"start":{"line":51,"column":8},"end":{"line":51,"column":30}},"23":{"start":{"line":57,"column":34},"end":{"line":58,"column":null}},"24":{"start":{"line":60,"column":4},"end":{"line":62,"column":5}},"25":{"start":{"line":61,"column":6},"end":{"line":61,"column":44}},"26":{"start":{"line":66,"column":4},"end":{"line":66,"column":68}},"27":{"start":{"line":76,"column":4},"end":{"line":76,"column":24}},"28":{"start":{"line":80,"column":4},"end":{"line":80,"column":26}},"29":{"start":{"line":6,"column":0},"end":{"line":6,"column":22}}},"fnMap":{"0":{"name":"(anonymous_0)","decl":{"start":{"line":11,"column":2},"end":{"line":11,"column":21}},"loc":{"start":{"line":11,"column":51},"end":{"line":14,"column":3}}},"1":{"name":"(anonymous_1)","decl":{"start":{"line":16,"column":2},"end":{"line":16,"column":22}},"loc":{"start":{"line":16,"column":36},"end":{"line":20,"column":3}}},"2":{"name":"(anonymous_2)","decl":{"start":{"line":22,"column":2},"end":{"line":22,"column":12}},"loc":{"start":{"line":22,"column":26},"end":{"line":24,"column":3}}},"3":{"name":"(anonymous_3)","decl":{"start":{"line":26,"column":2},"end":{"line":26,"column":13}},"loc":{"start":{"line":26,"column":33},"end":{"line":40,"column":3}}},"4":{"name":"(anonymous_4)","decl":{"start":{"line":42,"column":2},"end":{"line":42,"column":13}},"loc":{"start":{"line":42,"column":13},"end":{"line":54,"column":3}}},"5":{"name":"(anonymous_5)","decl":{"start":{"line":44,"column":46},"end":{"line":44,"column":47}},"loc":{"start":{"line":44,"column":54},"end":{"line":49,"column":7}}},"6":{"name":"(anonymous_6)","decl":{"start":{"line":50,"column":17},"end":{"line":50,"column":20}},"loc":{"start":{"line":50,"column":22},"end":{"line":52,"column":7}}},"7":{"name":"(anonymous_7)","decl":{"start":{"line":56,"column":2},"end":{"line":56,"column":16}},"loc":{"start":{"line":56,"column":16},"end":{"line":63,"column":3}}},"8":{"name":"(anonymous_8)","decl":{"start":{"line":65,"column":2},"end":{"line":65,"column":11}},"loc":{"start":{"line":65,"column":32},"end":{"line":67,"column":3}}},"9":{"name":"(anonymous_9)","decl":{"start":{"line":75,"column":2},"end":{"line":75,"column":6}},"loc":{"start":{"line":75,"column":12},"end":{"line":77,"column":3}}},"10":{"name":"(anonymous_10)","decl":{"start":{"line":79,"column":2},"end":{"line":79,"column":6}},"loc":{"start":{"line":79,"column":19},"end":{"line":81,"column":3}}}},"branchMap":{"0":{"loc":{"start":{"line":18,"column":6},"end":{"line":18,"column":79}},"type":"binary-expr","locations":[{"start":{"line":18,"column":6},"end":{"line":18,"column":15}},{"start":{"line":18,"column":19},"end":{"line":18,"column":48}},{"start":{"line":18,"column":52},"end":{"line":18,"column":79}}]},"1":{"loc":{"start":{"line":27,"column":4},"end":{"line":39,"column":5}},"type":"if","locations":[{"start":{"line":27,"column":4},"end":{"line":39,"column":5}},{"start":{"line":30,"column":11},"end":{"line":39,"column":5}}]},"2":{"loc":{"start":{"line":33,"column":6},"end":{"line":38,"column":7}},"type":"if","locations":[{"start":{"line":33,"column":6},"end":{"line":38,"column":7}},{"start":{"line":35,"column":13},"end":{"line":38,"column":7}}]},"3":{"loc":{"start":{"line":43,"column":4},"end":{"line":53,"column":5}},"type":"if","locations":[{"start":{"line":43,"column":4},"end":{"line":53,"column":5}}]},"4":{"loc":{"start":{"line":46,"column":8},"end":{"line":48,"column":9}},"type":"if","locations":[{"start":{"line":46,"column":8},"end":{"line":48,"column":9}}]},"5":{"loc":{"start":{"line":60,"column":4},"end":{"line":62,"column":5}},"type":"if","locations":[{"start":{"line":60,"column":4},"end":{"line":62,"column":5}}]}},"s":{"0":8,"1":8,"2":8,"3":38,"4":38,"5":38,"6":38,"7":38,"8":464,"9":464,"10":3,"11":3,"12":0,"13":0,"14":0,"15":0,"16":3,"17":3,"18":6,"19":6,"20":6,"21":3,"22":1,"23":3,"24":3,"25":1,"26":2,"27":857,"28":12,"29":8},"f":{"0":38,"1":464,"2":464,"3":3,"4":3,"5":6,"6":1,"7":3,"8":2,"9":857,"10":12},"b":{"0":[464,464,60],"1":[3,0],"2":[0,0],"3":[3],"4":[6],"5":[1]}}
,"C:\\Users\\gustavo-medeiros\\Documents\\APM\\APM.AAP\\APM.Angular\\src\\app\\core\\base\\base-list.component.ts": {"path":"C:\\Users\\gustavo-medeiros\\Documents\\APM\\APM.AAP\\APM.Angular\\src\\app\\core\\base\\base-list.component.ts","statementMap":{"0":{"start":{"line":2,"column":0},"end":{"line":2,"column":49}},"1":{"start":{"line":5,"column":16},"end":{"line":5,"column":18}},"2":{"start":{"line":6,"column":27},"end":{"line":6,"column":90}},"3":{"start":{"line":4,"column":0},"end":{"line":4,"column":22}}},"fnMap":{},"branchMap":{},"s":{"0":6,"1":14,"2":14,"3":6},"f":{},"b":{}}
,"C:\\Users\\gustavo-medeiros\\Documents\\APM\\APM.AAP\\APM.Angular\\src\\app\\core\\base\\base.component.ts": {"path":"C:\\Users\\gustavo-medeiros\\Documents\\APM\\APM.AAP\\APM.Angular\\src\\app\\core\\base\\base.component.ts","statementMap":{"0":{"start":{"line":1,"column":0},"end":{"line":1,"column":48}},"1":{"start":{"line":2,"column":0},"end":{"line":2,"column":31}},"2":{"start":{"line":3,"column":0},"end":{"line":3,"column":80}},"3":{"start":{"line":6,"column":33},"end":{"line":6,"column":35}},"4":{"start":{"line":7,"column":21},"end":{"line":7,"column":25}},"5":{"start":{"line":15,"column":4},"end":{"line":15,"column":24}},"6":{"start":{"line":22,"column":4},"end":{"line":22,"column":46}},"7":{"start":{"line":22,"column":29},"end":{"line":22,"column":44}},"8":{"start":{"line":28,"column":12},"end":{"line":31,"column":3}},"9":{"start":{"line":29,"column":4},"end":{"line":29,"column":25}},"10":{"start":{"line":30,"column":4},"end":{"line":30,"column":63}},"11":{"start":{"line":36,"column":11},"end":{"line":39,"column":3}},"12":{"start":{"line":37,"column":4},"end":{"line":37,"column":26}},"13":{"start":{"line":38,"column":4},"end":{"line":38,"column":63}},"14":{"start":{"line":48,"column":4},"end":{"line":48,"column":25}},"15":{"start":{"line":55,"column":4},"end":{"line":71,"column":7}},"16":{"start":{"line":56,"column":6},"end":{"line":70,"column":9}},"17":{"start":{"line":64,"column":8},"end":{"line":68,"column":9}},"18":{"start":{"line":65,"column":10},"end":{"line":65,"column":30}},"19":{"start":{"line":67,"column":10},"end":{"line":67,"column":31}},"20":{"start":{"line":69,"column":8},"end":{"line":69,"column":28}},"21":{"start":{"line":75,"column":4},"end":{"line":91,"column":7}},"22":{"start":{"line":76,"column":6},"end":{"line":90,"column":9}},"23":{"start":{"line":84,"column":8},"end":{"line":88,"column":9}},"24":{"start":{"line":85,"column":10},"end":{"line":85,"column":30}},"25":{"start":{"line":87,"column":10},"end":{"line":87,"column":31}},"26":{"start":{"line":89,"column":8},"end":{"line":89,"column":28}},"27":{"start":{"line":100,"column":4},"end":{"line":116,"column":7}},"28":{"start":{"line":101,"column":6},"end":{"line":115,"column":9}},"29":{"start":{"line":109,"column":8},"end":{"line":113,"column":9}},"30":{"start":{"line":110,"column":10},"end":{"line":110,"column":30}},"31":{"start":{"line":112,"column":10},"end":{"line":112,"column":31}},"32":{"start":{"line":114,"column":8},"end":{"line":114,"column":28}},"33":{"start":{"line":120,"column":4},"end":{"line":125,"column":7}},"34":{"start":{"line":129,"column":4},"end":{"line":133,"column":7}},"35":{"start":{"line":137,"column":4},"end":{"line":137,"column":41}},"36":{"start":{"line":138,"column":4},"end":{"line":138,"column":18}},"37":{"start":{"line":5,"column":0},"end":{"line":5,"column":22}}},"fnMap":{"0":{"name":"(anonymous_0)","decl":{"start":{"line":14,"column":2},"end":{"line":14,"column":8}},"loc":{"start":{"line":14,"column":26},"end":{"line":16,"column":3}}},"1":{"name":"(anonymous_1)","decl":{"start":{"line":21,"column":2},"end":{"line":21,"column":17}},"loc":{"start":{"line":21,"column":17},"end":{"line":23,"column":3}}},"2":{"name":"(anonymous_2)","decl":{"start":{"line":22,"column":22},"end":{"line":22,"column":23}},"loc":{"start":{"line":22,"column":29},"end":{"line":22,"column":44}}},"3":{"name":"(anonymous_3)","decl":{"start":{"line":28,"column":12},"end":{"line":28,"column":21}},"loc":{"start":{"line":28,"column":23},"end":{"line":31,"column":3}}},"4":{"name":"(anonymous_4)","decl":{"start":{"line":36,"column":11},"end":{"line":36,"column":20}},"loc":{"start":{"line":36,"column":22},"end":{"line":39,"column":3}}},"5":{"name":"(anonymous_5)","decl":{"start":{"line":47,"column":2},"end":{"line":47,"column":6}},"loc":{"start":{"line":47,"column":15},"end":{"line":49,"column":3}}},"6":{"name":"(anonymous_6)","decl":{"start":{"line":54,"column":2},"end":{"line":54,"column":19}},"loc":{"start":{"line":54,"column":59},"end":{"line":72,"column":3}}},"7":{"name":"(anonymous_7)","decl":{"start":{"line":55,"column":35},"end":{"line":55,"column":36}},"loc":{"start":{"line":55,"column":48},"end":{"line":71,"column":5}}},"8":{"name":"(anonymous_8)","decl":{"start":{"line":63,"column":14},"end":{"line":63,"column":15}},"loc":{"start":{"line":63,"column":25},"end":{"line":70,"column":7}}},"9":{"name":"(anonymous_9)","decl":{"start":{"line":74,"column":2},"end":{"line":74,"column":19}},"loc":{"start":{"line":74,"column":50},"end":{"line":92,"column":3}}},"10":{"name":"(anonymous_10)","decl":{"start":{"line":75,"column":35},"end":{"line":75,"column":36}},"loc":{"start":{"line":75,"column":48},"end":{"line":91,"column":5}}},"11":{"name":"(anonymous_11)","decl":{"start":{"line":83,"column":14},"end":{"line":83,"column":15}},"loc":{"start":{"line":83,"column":25},"end":{"line":90,"column":7}}},"12":{"name":"(anonymous_12)","decl":{"start":{"line":94,"column":2},"end":{"line":94,"column":14}},"loc":{"start":{"line":98,"column":18},"end":{"line":117,"column":3}}},"13":{"name":"(anonymous_13)","decl":{"start":{"line":100,"column":35},"end":{"line":100,"column":36}},"loc":{"start":{"line":100,"column":48},"end":{"line":116,"column":5}}},"14":{"name":"(anonymous_14)","decl":{"start":{"line":108,"column":14},"end":{"line":108,"column":15}},"loc":{"start":{"line":108,"column":25},"end":{"line":115,"column":7}}},"15":{"name":"(anonymous_15)","decl":{"start":{"line":119,"column":2},"end":{"line":119,"column":12}},"loc":{"start":{"line":119,"column":41},"end":{"line":126,"column":3}}},"16":{"name":"(anonymous_16)","decl":{"start":{"line":128,"column":2},"end":{"line":128,"column":10}},"loc":{"start":{"line":128,"column":20},"end":{"line":134,"column":3}}},"17":{"name":"(anonymous_17)","decl":{"start":{"line":136,"column":2},"end":{"line":136,"column":13}},"loc":{"start":{"line":136,"column":24},"end":{"line":139,"column":3}}}},"branchMap":{"0":{"loc":{"start":{"line":54,"column":20},"end":{"line":54,"column":59}},"type":"default-arg","locations":[{"start":{"line":54,"column":26},"end":{"line":54,"column":59}}]},"1":{"loc":{"start":{"line":64,"column":8},"end":{"line":68,"column":9}},"type":"if","locations":[{"start":{"line":64,"column":8},"end":{"line":68,"column":9}},{"start":{"line":66,"column":15},"end":{"line":68,"column":9}}]},"2":{"loc":{"start":{"line":74,"column":20},"end":{"line":74,"column":50}},"type":"default-arg","locations":[{"start":{"line":74,"column":26},"end":{"line":74,"column":50}}]},"3":{"loc":{"start":{"line":84,"column":8},"end":{"line":88,"column":9}},"type":"if","locations":[{"start":{"line":84,"column":8},"end":{"line":88,"column":9}},{"start":{"line":86,"column":15},"end":{"line":88,"column":9}}]},"4":{"loc":{"start":{"line":95,"column":4},"end":{"line":95,"column":43}},"type":"default-arg","locations":[{"start":{"line":95,"column":10},"end":{"line":95,"column":43}}]},"5":{"loc":{"start":{"line":96,"column":4},"end":{"line":96,"column":21}},"type":"default-arg","locations":[{"start":{"line":96,"column":12},"end":{"line":96,"column":21}}]},"6":{"loc":{"start":{"line":97,"column":4},"end":{"line":97,"column":25}},"type":"default-arg","locations":[{"start":{"line":97,"column":16},"end":{"line":97,"column":25}}]},"7":{"loc":{"start":{"line":98,"column":4},"end":{"line":98,"column":18}},"type":"default-arg","locations":[{"start":{"line":98,"column":13},"end":{"line":98,"column":18}}]},"8":{"loc":{"start":{"line":109,"column":8},"end":{"line":113,"column":9}},"type":"if","locations":[{"start":{"line":109,"column":8},"end":{"line":113,"column":9}},{"start":{"line":111,"column":15},"end":{"line":113,"column":9}}]},"9":{"loc":{"start":{"line":119,"column":13},"end":{"line":119,"column":41}},"type":"default-arg","locations":[{"start":{"line":119,"column":19},"end":{"line":119,"column":41}}]},"10":{"loc":{"start":{"line":128,"column":11},"end":{"line":128,"column":20}},"type":"default-arg","locations":[{"start":{"line":128,"column":18},"end":{"line":128,"column":20}}]}},"s":{"0":23,"1":23,"2":23,"3":93,"4":93,"5":485,"6":15,"7":2,"8":93,"9":7,"10":7,"11":93,"12":93,"13":93,"14":2,"15":2,"16":2,"17":2,"18":1,"19":1,"20":2,"21":0,"22":0,"23":0,"24":0,"25":0,"26":0,"27":4,"28":4,"29":4,"30":2,"31":2,"32":4,"33":6,"34":7,"35":1,"36":1,"37":23},"f":{"0":485,"1":15,"2":2,"3":7,"4":93,"5":2,"6":2,"7":2,"8":2,"9":0,"10":0,"11":0,"12":4,"13":4,"14":4,"15":6,"16":7,"17":1},"b":{"0":[2],"1":[1,1],"2":[0],"3":[0,0],"4":[2],"5":[3],"6":[3],"7":[3],"8":[2,2],"9":[1],"10":[1]}}
,"C:\\Users\\gustavo-medeiros\\Documents\\APM\\APM.AAP\\APM.Angular\\src\\app\\core\\base\\base.service.ts": {"path":"C:\\Users\\gustavo-medeiros\\Documents\\APM\\APM.AAP\\APM.Angular\\src\\app\\core\\base\\base.service.ts","statementMap":{"0":{"start":{"line":1,"column":0},"end":{"line":1,"column":63}},"1":{"start":{"line":3,"column":0},"end":{"line":3,"column":64}},"2":{"start":{"line":7,"column":21},"end":{"line":7,"column":37}},"3":{"start":{"line":12,"column":4},"end":{"line":12,"column":80}},"4":{"start":{"line":19,"column":4},"end":{"line":22,"column":6}},"5":{"start":{"line":26,"column":4},"end":{"line":26,"column":71}},"6":{"start":{"line":30,"column":4},"end":{"line":32,"column":7}},"7":{"start":{"line":36,"column":4},"end":{"line":38,"column":7}},"8":{"start":{"line":42,"column":4},"end":{"line":42,"column":75}},"9":{"start":{"line":46,"column":4},"end":{"line":48,"column":7}},"10":{"start":{"line":52,"column":4},"end":{"line":54,"column":7}},"11":{"start":{"line":58,"column":4},"end":{"line":60,"column":7}},"12":{"start":{"line":64,"column":4},"end":{"line":64,"column":80}},"13":{"start":{"line":68,"column":19},"end":{"line":68,"column":46}},"14":{"start":{"line":69,"column":4},"end":{"line":71,"column":7}},"15":{"start":{"line":75,"column":4},"end":{"line":75,"column":53}},"16":{"start":{"line":79,"column":18},"end":{"line":79,"column":35}},"17":{"start":{"line":80,"column":4},"end":{"line":80,"column":65}},"18":{"start":{"line":81,"column":4},"end":{"line":81,"column":19}},"19":{"start":{"line":6,"column":0},"end":{"line":6,"column":22}}},"fnMap":{"0":{"name":"(anonymous_0)","decl":{"start":{"line":7,"column":2},"end":{"line":7,"column":21}},"loc":{"start":{"line":7,"column":37},"end":{"line":7,"column":41}}},"1":{"name":"(anonymous_1)","decl":{"start":{"line":11,"column":9},"end":{"line":11,"column":16}},"loc":{"start":{"line":11,"column":27},"end":{"line":13,"column":3}}},"2":{"name":"(anonymous_2)","decl":{"start":{"line":15,"column":9},"end":{"line":15,"column":24}},"loc":{"start":{"line":17,"column":17},"end":{"line":23,"column":3}}},"3":{"name":"(anonymous_3)","decl":{"start":{"line":25,"column":9},"end":{"line":25,"column":16}},"loc":{"start":{"line":25,"column":16},"end":{"line":27,"column":3}}},"4":{"name":"(anonymous_4)","decl":{"start":{"line":29,"column":9},"end":{"line":29,"column":19}},"loc":{"start":{"line":29,"column":30},"end":{"line":33,"column":3}}},"5":{"name":"(anonymous_5)","decl":{"start":{"line":35,"column":9},"end":{"line":35,"column":22}},"loc":{"start":{"line":35,"column":36},"end":{"line":39,"column":3}}},"6":{"name":"(anonymous_6)","decl":{"start":{"line":41,"column":9},"end":{"line":41,"column":15}},"loc":{"start":{"line":41,"column":22},"end":{"line":43,"column":3}}},"7":{"name":"(anonymous_7)","decl":{"start":{"line":45,"column":9},"end":{"line":45,"column":15}},"loc":{"start":{"line":45,"column":34},"end":{"line":49,"column":3}}},"8":{"name":"(anonymous_8)","decl":{"start":{"line":51,"column":9},"end":{"line":51,"column":20}},"loc":{"start":{"line":51,"column":39},"end":{"line":55,"column":3}}},"9":{"name":"(anonymous_9)","decl":{"start":{"line":57,"column":9},"end":{"line":57,"column":19}},"loc":{"start":{"line":57,"column":38},"end":{"line":61,"column":3}}},"10":{"name":"(anonymous_10)","decl":{"start":{"line":63,"column":9},"end":{"line":63,"column":15}},"loc":{"start":{"line":63,"column":26},"end":{"line":65,"column":3}}},"11":{"name":"(anonymous_11)","decl":{"start":{"line":67,"column":9},"end":{"line":67,"column":18}},"loc":{"start":{"line":67,"column":32},"end":{"line":72,"column":3}}},"12":{"name":"(anonymous_12)","decl":{"start":{"line":74,"column":2},"end":{"line":74,"column":13}},"loc":{"start":{"line":74,"column":20},"end":{"line":76,"column":3}}},"13":{"name":"(anonymous_13)","decl":{"start":{"line":78,"column":2},"end":{"line":78,"column":13}},"loc":{"start":{"line":78,"column":20},"end":{"line":82,"column":3}}}},"branchMap":{},"s":{"0":28,"1":28,"2":137,"3":0,"4":0,"5":128,"6":0,"7":0,"8":3,"9":0,"10":1,"11":2,"12":0,"13":0,"14":0,"15":162,"16":162,"17":162,"18":162,"19":28},"f":{"0":137,"1":0,"2":0,"3":128,"4":0,"5":0,"6":3,"7":0,"8":1,"9":2,"10":0,"11":0,"12":162,"13":162},"b":{}}
,"C:\\Users\\gustavo-medeiros\\Documents\\APM\\APM.AAP\\APM.Angular\\src\\app\\modules\\exemplo\\exemplo.routes.ts": {"path":"C:\\Users\\gustavo-medeiros\\Documents\\APM\\APM.AAP\\APM.Angular\\src\\app\\modules\\exemplo\\exemplo.routes.ts","statementMap":{"0":{"start":{"line":2,"column":0},"end":{"line":2,"column":65}},"1":{"start":{"line":3,"column":0},"end":{"line":3,"column":77}},"2":{"start":{"line":4,"column":0},"end":{"line":4,"column":91}},"3":{"start":{"line":5,"column":0},"end":{"line":5,"column":97}},"4":{"start":{"line":6,"column":0},"end":{"line":6,"column":80}},"5":{"start":{"line":7,"column":0},"end":{"line":7,"column":92}},"6":{"start":{"line":8,"column":0},"end":{"line":8,"column":88}},"7":{"start":{"line":9,"column":0},"end":{"line":9,"column":88}},"8":{"start":{"line":10,"column":0},"end":{"line":10,"column":74}},"9":{"start":{"line":11,"column":0},"end":{"line":11,"column":68}},"10":{"start":{"line":12,"column":0},"end":{"line":12,"column":62}},"11":{"start":{"line":13,"column":0},"end":{"line":13,"column":65}},"12":{"start":{"line":15,"column":13},"end":{"line":78,"column":2}}},"fnMap":{},"branchMap":{},"s":{"0":1,"1":1,"2":1,"3":1,"4":1,"5":1,"6":1,"7":1,"8":1,"9":1,"10":1,"11":1,"12":1},"f":{},"b":{}}
,"C:\\Users\\gustavo-medeiros\\Documents\\APM\\APM.AAP\\APM.Angular\\src\\app\\modules\\exemplo\\components\\abas\\abas.component.html": {"path":"C:\\Users\\gustavo-medeiros\\Documents\\APM\\APM.AAP\\APM.Angular\\src\\app\\modules\\exemplo\\components\\abas\\abas.component.html","statementMap":{"0":{"start":{"line":1,"column":0},"end":{"line":1,"column":524}}},"fnMap":{},"branchMap":{},"s":{"0":2},"f":{},"b":{},"_coverageSchema":"1a1c01bbd47fc00a2c39e90264f33305004495a9","hash":"f9ee60b86ae22725207af5b53cf4de440c66f84e"}
,"C:\\Users\\gustavo-medeiros\\Documents\\APM\\APM.AAP\\APM.Angular\\src\\app\\modules\\exemplo\\components\\abas\\abas.component.ts": {"path":"C:\\Users\\gustavo-medeiros\\Documents\\APM\\APM.AAP\\APM.Angular\\src\\app\\modules\\exemplo\\components\\abas\\abas.component.ts","statementMap":{"0":{"start":{"line":1,"column":0},"end":{"line":1,"column":47}},"1":{"start":{"line":2,"column":0},"end":{"line":2,"column":50}},"2":{"start":{"line":3,"column":0},"end":{"line":3,"column":48}},"3":{"start":{"line":4,"column":0},"end":{"line":4,"column":69}},"4":{"start":{"line":5,"column":0},"end":{"line":5,"column":67}},"5":{"start":{"line":6,"column":0},"end":{"line":6,"column":87}},"6":{"start":{"line":7,"column":0},"end":{"line":7,"column":82}},"7":{"start":{"line":19,"column":4},"end":{"line":19,"column":null}},"8":{"start":{"line":23,"column":4},"end":{"line":23,"column":18}},"9":{"start":{"line":16,"column":13},"end":{"line":16,"column":26}},"10":{"start":{"line":16,"column":13},"end":{"line":25,"column":null}}},"fnMap":{"0":{"name":"(anonymous_0)","decl":{"start":{"line":18,"column":2},"end":{"line":18,"column":null}},"loc":{"start":{"line":18,"column":2},"end":{"line":20,"column":3}}},"1":{"name":"(anonymous_1)","decl":{"start":{"line":22,"column":2},"end":{"line":22,"column":10}},"loc":{"start":{"line":22,"column":10},"end":{"line":24,"column":3}}}},"branchMap":{},"s":{"0":2,"1":2,"2":2,"3":2,"4":2,"5":2,"6":2,"7":1,"8":1,"9":2,"10":2},"f":{"0":1,"1":1},"b":{}}
,"C:\\Users\\gustavo-medeiros\\Documents\\APM\\APM.AAP\\APM.Angular\\src\\app\\modules\\exemplo\\components\\acordeao\\acordeao.component.html": {"path":"C:\\Users\\gustavo-medeiros\\Documents\\APM\\APM.AAP\\APM.Angular\\src\\app\\modules\\exemplo\\components\\acordeao\\acordeao.component.html","statementMap":{"0":{"start":{"line":1,"column":0},"end":{"line":1,"column":651}}},"fnMap":{},"branchMap":{},"s":{"0":3},"f":{},"b":{},"_coverageSchema":"1a1c01bbd47fc00a2c39e90264f33305004495a9","hash":"93ca205af539edabff9f45bbb8a0e55daac0dbaa"}
,"C:\\Users\\gustavo-medeiros\\Documents\\APM\\APM.AAP\\APM.Angular\\src\\app\\modules\\exemplo\\components\\acordeao\\acordeao.component.ts": {"path":"C:\\Users\\gustavo-medeiros\\Documents\\APM\\APM.AAP\\APM.Angular\\src\\app\\modules\\exemplo\\components\\acordeao\\acordeao.component.ts","statementMap":{"0":{"start":{"line":1,"column":0},"end":{"line":1,"column":50}},"1":{"start":{"line":2,"column":0},"end":{"line":2,"column":58}},"2":{"start":{"line":3,"column":0},"end":{"line":3,"column":69}},"3":{"start":{"line":15,"column":4},"end":{"line":15,"column":null}},"4":{"start":{"line":19,"column":4},"end":{"line":19,"column":18}},"5":{"start":{"line":12,"column":13},"end":{"line":12,"column":30}},"6":{"start":{"line":12,"column":13},"end":{"line":22,"column":null}}},"fnMap":{"0":{"name":"(anonymous_0)","decl":{"start":{"line":14,"column":2},"end":{"line":14,"column":null}},"loc":{"start":{"line":14,"column":2},"end":{"line":16,"column":3}}},"1":{"name":"(anonymous_1)","decl":{"start":{"line":18,"column":2},"end":{"line":18,"column":10}},"loc":{"start":{"line":18,"column":10},"end":{"line":20,"column":3}}}},"branchMap":{},"s":{"0":3,"1":3,"2":3,"3":2,"4":2,"5":3,"6":3},"f":{"0":2,"1":2},"b":{}}
,"C:\\Users\\gustavo-medeiros\\Documents\\APM\\APM.AAP\\APM.Angular\\src\\app\\modules\\exemplo\\components\\arrasta-solta\\arrasta-solta.component.html": {"path":"C:\\Users\\gustavo-medeiros\\Documents\\APM\\APM.AAP\\APM.Angular\\src\\app\\modules\\exemplo\\components\\arrasta-solta\\arrasta-solta.component.html","statementMap":{"0":{"start":{"line":1,"column":0},"end":{"line":1,"column":1147}}},"fnMap":{},"branchMap":{},"s":{"0":2},"f":{},"b":{},"_coverageSchema":"1a1c01bbd47fc00a2c39e90264f33305004495a9","hash":"a628fbd681a9b4568476480ab12f44e451470611"}
,"C:\\Users\\gustavo-medeiros\\Documents\\APM\\APM.AAP\\APM.Angular\\src\\app\\modules\\exemplo\\components\\arrasta-solta\\arrasta-solta.component.ts": {"path":"C:\\Users\\gustavo-medeiros\\Documents\\APM\\APM.AAP\\APM.Angular\\src\\app\\modules\\exemplo\\components\\arrasta-solta\\arrasta-solta.component.ts","statementMap":{"0":{"start":{"line":1,"column":0},"end":{"line":1,"column":47}},"1":{"start":{"line":2,"column":0},"end":{"line":2,"column":50}},"2":{"start":{"line":3,"column":0},"end":{"line":3,"column":45}},"3":{"start":{"line":4,"column":0},"end":{"line":4,"column":56}},"4":{"start":{"line":5,"column":0},"end":{"line":5,"column":69}},"5":{"start":{"line":20,"column":32},"end":{"line":24,"column":4}},"6":{"start":{"line":26,"column":31},"end":{"line":30,"column":4}},"7":{"start":{"line":33,"column":4},"end":{"line":33,"column":null}},"8":{"start":{"line":37,"column":4},"end":{"line":37,"column":18}},"9":{"start":{"line":19,"column":13},"end":{"line":19,"column":34}},"10":{"start":{"line":19,"column":13},"end":{"line":39,"column":null}}},"fnMap":{"0":{"name":"(anonymous_0)","decl":{"start":{"line":32,"column":2},"end":{"line":32,"column":null}},"loc":{"start":{"line":32,"column":2},"end":{"line":34,"column":3}}},"1":{"name":"(anonymous_1)","decl":{"start":{"line":36,"column":2},"end":{"line":36,"column":10}},"loc":{"start":{"line":36,"column":10},"end":{"line":38,"column":3}}}},"branchMap":{},"s":{"0":2,"1":2,"2":2,"3":2,"4":2,"5":1,"6":1,"7":1,"8":1,"9":2,"10":2},"f":{"0":1,"1":1},"b":{}}
,"C:\\Users\\gustavo-medeiros\\Documents\\APM\\APM.AAP\\APM.Angular\\src\\app\\modules\\exemplo\\components\\barra-progresso\\barra-progresso.component.html": {"path":"C:\\Users\\gustavo-medeiros\\Documents\\APM\\APM.AAP\\APM.Angular\\src\\app\\modules\\exemplo\\components\\barra-progresso\\barra-progresso.component.html","statementMap":{"0":{"start":{"line":1,"column":0},"end":{"line":1,"column":866}}},"fnMap":{},"branchMap":{},"s":{"0":3},"f":{},"b":{},"_coverageSchema":"1a1c01bbd47fc00a2c39e90264f33305004495a9","hash":"9451e8b9ebe139441a6e3d3b52e6c5cc91a4d3b1"}
,"C:\\Users\\gustavo-medeiros\\Documents\\APM\\APM.AAP\\APM.Angular\\src\\app\\modules\\exemplo\\components\\barra-progresso\\barra-progresso.component.ts": {"path":"C:\\Users\\gustavo-medeiros\\Documents\\APM\\APM.AAP\\APM.Angular\\src\\app\\modules\\exemplo\\components\\barra-progresso\\barra-progresso.component.ts","statementMap":{"0":{"start":{"line":1,"column":0},"end":{"line":1,"column":50}},"1":{"start":{"line":2,"column":0},"end":{"line":2,"column":79}},"2":{"start":{"line":3,"column":0},"end":{"line":3,"column":69}},"3":{"start":{"line":23,"column":22},"end":{"line":23,"column":24}},"4":{"start":{"line":26,"column":4},"end":{"line":26,"column":null}},"5":{"start":{"line":30,"column":4},"end":{"line":30,"column":25}},"6":{"start":{"line":31,"column":4},"end":{"line":31,"column":18}},"7":{"start":{"line":35,"column":18},"end":{"line":35,"column":58}},"8":{"start":{"line":37,"column":4},"end":{"line":37,"column":22}},"9":{"start":{"line":38,"column":14},"end":{"line":38,"column":47}},"10":{"start":{"line":39,"column":4},"end":{"line":47,"column":5}},"11":{"start":{"line":39,"column":17},"end":{"line":39,"column":18}},"12":{"start":{"line":40,"column":20},"end":{"line":40,"column":49}},"13":{"start":{"line":41,"column":20},"end":{"line":41,"column":54}},"14":{"start":{"line":42,"column":6},"end":{"line":46,"column":19}},"15":{"start":{"line":20,"column":13},"end":{"line":20,"column":36}},"16":{"start":{"line":20,"column":13},"end":{"line":49,"column":null}}},"fnMap":{"0":{"name":"(anonymous_0)","decl":{"start":{"line":25,"column":2},"end":{"line":25,"column":null}},"loc":{"start":{"line":25,"column":2},"end":{"line":27,"column":3}}},"1":{"name":"(anonymous_1)","decl":{"start":{"line":29,"column":2},"end":{"line":29,"column":10}},"loc":{"start":{"line":29,"column":10},"end":{"line":32,"column":3}}},"2":{"name":"(anonymous_2)","decl":{"start":{"line":34,"column":2},"end":{"line":34,"column":15}},"loc":{"start":{"line":34,"column":15},"end":{"line":48,"column":3}}}},"branchMap":{},"s":{"0":3,"1":3,"2":3,"3":2,"4":2,"5":2,"6":2,"7":2,"8":2,"9":2,"10":2,"11":2,"12":5,"13":5,"14":5,"15":3,"16":3},"f":{"0":2,"1":2,"2":2},"b":{}}
,"C:\\Users\\gustavo-medeiros\\Documents\\APM\\APM.AAP\\APM.Angular\\src\\app\\modules\\exemplo\\components\\carrossel\\carrossel.component.html": {"path":"C:\\Users\\gustavo-medeiros\\Documents\\APM\\APM.AAP\\APM.Angular\\src\\app\\modules\\exemplo\\components\\carrossel\\carrossel.component.html","statementMap":{"0":{"start":{"line":1,"column":0},"end":{"line":1,"column":1492}}},"fnMap":{},"branchMap":{},"s":{"0":2},"f":{},"b":{},"_coverageSchema":"1a1c01bbd47fc00a2c39e90264f33305004495a9","hash":"4c4e17dc02f2bce8041790ace03437c8afe9c39d"}
,"C:\\Users\\gustavo-medeiros\\Documents\\APM\\APM.AAP\\APM.Angular\\src\\app\\modules\\exemplo\\components\\carrossel\\carrossel.component.ts": {"path":"C:\\Users\\gustavo-medeiros\\Documents\\APM\\APM.AAP\\APM.Angular\\src\\app\\modules\\exemplo\\components\\carrossel\\carrossel.component.ts","statementMap":{"0":{"start":{"line":1,"column":0},"end":{"line":1,"column":50}},"1":{"start":{"line":2,"column":0},"end":{"line":2,"column":72}},"2":{"start":{"line":3,"column":0},"end":{"line":3,"column":69}},"3":{"start":{"line":18,"column":4},"end":{"line":18,"column":null}},"4":{"start":{"line":22,"column":4},"end":{"line":22,"column":18}},"5":{"start":{"line":15,"column":13},"end":{"line":15,"column":31}},"6":{"start":{"line":15,"column":13},"end":{"line":25,"column":null}}},"fnMap":{"0":{"name":"(anonymous_0)","decl":{"start":{"line":17,"column":2},"end":{"line":17,"column":null}},"loc":{"start":{"line":17,"column":2},"end":{"line":19,"column":3}}},"1":{"name":"(anonymous_1)","decl":{"start":{"line":21,"column":2},"end":{"line":21,"column":10}},"loc":{"start":{"line":21,"column":10},"end":{"line":23,"column":3}}}},"branchMap":{},"s":{"0":2,"1":2,"2":2,"3":1,"4":1,"5":2,"6":2},"f":{"0":1,"1":1},"b":{}}
,"C:\\Users\\gustavo-medeiros\\Documents\\APM\\APM.AAP\\APM.Angular\\src\\app\\modules\\exemplo\\components\\classificavel\\classificavel.component.html": {"path":"C:\\Users\\gustavo-medeiros\\Documents\\APM\\APM.AAP\\APM.Angular\\src\\app\\modules\\exemplo\\components\\classificavel\\classificavel.component.html","statementMap":{"0":{"start":{"line":1,"column":0},"end":{"line":1,"column":1013}}},"fnMap":{},"branchMap":{},"s":{"0":3},"f":{},"b":{},"_coverageSchema":"1a1c01bbd47fc00a2c39e90264f33305004495a9","hash":"0cd4d9c541d5ed70f85b407312adc8bfe9ff1110"}
,"C:\\Users\\gustavo-medeiros\\Documents\\APM\\APM.AAP\\APM.Angular\\src\\app\\modules\\exemplo\\components\\classificavel\\classificavel.component.ts": {"path":"C:\\Users\\gustavo-medeiros\\Documents\\APM\\APM.AAP\\APM.Angular\\src\\app\\modules\\exemplo\\components\\classificavel\\classificavel.component.ts","statementMap":{"0":{"start":{"line":1,"column":0},"end":{"line":1,"column":47}},"1":{"start":{"line":2,"column":0},"end":{"line":2,"column":50}},"2":{"start":{"line":3,"column":0},"end":{"line":3,"column":45}},"3":{"start":{"line":4,"column":0},"end":{"line":4,"column":52}},"4":{"start":{"line":5,"column":0},"end":{"line":5,"column":69}},"5":{"start":{"line":16,"column":6},"end":{"line":16,"column":7}},"6":{"start":{"line":17,"column":6},"end":{"line":17,"column":7}},"7":{"start":{"line":20,"column":4},"end":{"line":20,"column":null}},"8":{"start":{"line":24,"column":4},"end":{"line":24,"column":18}},"9":{"start":{"line":14,"column":13},"end":{"line":14,"column":35}},"10":{"start":{"line":14,"column":13},"end":{"line":27,"column":null}}},"fnMap":{"0":{"name":"(anonymous_0)","decl":{"start":{"line":19,"column":2},"end":{"line":19,"column":null}},"loc":{"start":{"line":19,"column":2},"end":{"line":21,"column":3}}},"1":{"name":"(anonymous_1)","decl":{"start":{"line":23,"column":2},"end":{"line":23,"column":10}},"loc":{"start":{"line":23,"column":10},"end":{"line":25,"column":3}}}},"branchMap":{},"s":{"0":3,"1":3,"2":3,"3":3,"4":3,"5":2,"6":2,"7":2,"8":2,"9":3,"10":3},"f":{"0":2,"1":2},"b":{}}
,"C:\\Users\\gustavo-medeiros\\Documents\\APM\\APM.AAP\\APM.Angular\\src\\app\\modules\\exemplo\\components\\exemplo-edit\\exemplo-edit.component.html": {"path":"C:\\Users\\gustavo-medeiros\\Documents\\APM\\APM.AAP\\APM.Angular\\src\\app\\modules\\exemplo\\components\\exemplo-edit\\exemplo-edit.component.html","statementMap":{"0":{"start":{"line":1,"column":0},"end":{"line":1,"column":3012}}},"fnMap":{},"branchMap":{},"s":{"0":2},"f":{},"b":{},"_coverageSchema":"1a1c01bbd47fc00a2c39e90264f33305004495a9","hash":"317b573e53f29d7020dd502544feaf0b366c6df4"}
,"C:\\Users\\gustavo-medeiros\\Documents\\APM\\APM.AAP\\APM.Angular\\src\\app\\modules\\exemplo\\components\\exemplo-edit\\exemplo-edit.component.ts": {"path":"C:\\Users\\gustavo-medeiros\\Documents\\APM\\APM.AAP\\APM.Angular\\src\\app\\modules\\exemplo\\components\\exemplo-edit\\exemplo-edit.component.ts","statementMap":{"0":{"start":{"line":1,"column":0},"end":{"line":1,"column":50}},"1":{"start":{"line":2,"column":0},"end":{"line":2,"column":102}},"2":{"start":{"line":3,"column":0},"end":{"line":3,"column":71}},"3":{"start":{"line":4,"column":0},"end":{"line":4,"column":110}},"4":{"start":{"line":5,"column":0},"end":{"line":5,"column":53}},"5":{"start":{"line":6,"column":0},"end":{"line":6,"column":79}},"6":{"start":{"line":7,"column":0},"end":{"line":7,"column":50}},"7":{"start":{"line":8,"column":0},"end":{"line":8,"column":60}},"8":{"start":{"line":9,"column":0},"end":{"line":9,"column":78}},"9":{"start":{"line":10,"column":0},"end":{"line":10,"column":108}},"10":{"start":{"line":12,"column":0},"end":{"line":12,"column":64}},"11":{"start":{"line":14,"column":0},"end":{"line":14,"column":34}},"12":{"start":{"line":39,"column":16},"end":{"line":39,"column":18}},"13":{"start":{"line":47,"column":4},"end":{"line":47,"column":26}},"14":{"start":{"line":42,"column":20},"end":{"line":42,"column":50}},"15":{"start":{"line":43,"column":11},"end":{"line":43,"column":25}},"16":{"start":{"line":44,"column":12},"end":{"line":44,"column":42}},"17":{"start":{"line":45,"column":12},"end":{"line":45,"column":42}},"18":{"start":{"line":48,"column":4},"end":{"line":48,"column":36}},"19":{"start":{"line":52,"column":4},"end":{"line":52,"column":48}},"20":{"start":{"line":53,"column":4},"end":{"line":53,"column":20}},"21":{"start":{"line":54,"column":4},"end":{"line":54,"column":18}},"22":{"start":{"line":59,"column":4},"end":{"line":65,"column":7}},"23":{"start":{"line":68,"column":4},"end":{"line":71,"column":5}},"24":{"start":{"line":69,"column":6},"end":{"line":69,"column":34}},"25":{"start":{"line":70,"column":6},"end":{"line":70,"column":40}},"26":{"start":{"line":76,"column":22},"end":{"line":76,"column":55}},"27":{"start":{"line":77,"column":4},"end":{"line":77,"column":78}},"28":{"start":{"line":78,"column":4},"end":{"line":78,"column":21}},"29":{"start":{"line":82,"column":4},"end":{"line":85,"column":5}},"30":{"start":{"line":83,"column":6},"end":{"line":83,"column":25}},"31":{"start":{"line":84,"column":6},"end":{"line":84,"column":13}},"32":{"start":{"line":86,"column":4},"end":{"line":86,"column":19}},"33":{"start":{"line":89,"column":26},"end":{"line":91,"column":56}},"34":{"start":{"line":94,"column":4},"end":{"line":99,"column":6}},"35":{"start":{"line":96,"column":20},"end":{"line":96,"column":40}},"36":{"start":{"line":97,"column":26},"end":{"line":97,"column":49}},"37":{"start":{"line":103,"column":20},"end":{"line":103,"column":92}},"38":{"start":{"line":106,"column":4},"end":{"line":115,"column":5}},"39":{"start":{"line":107,"column":6},"end":{"line":107,"column":31}},"40":{"start":{"line":108,"column":6},"end":{"line":108,"column":20}},"41":{"start":{"line":111,"column":6},"end":{"line":113,"column":9}},"42":{"start":{"line":112,"column":8},"end":{"line":112,"column":49}},"43":{"start":{"line":114,"column":6},"end":{"line":114,"column":20}},"44":{"start":{"line":120,"column":4},"end":{"line":120,"column":62}},"45":{"start":{"line":121,"column":4},"end":{"line":121,"column":18}},"46":{"start":{"line":37,"column":13},"end":{"line":37,"column":33}},"47":{"start":{"line":37,"column":13},"end":{"line":123,"column":null}}},"fnMap":{"0":{"name":"(anonymous_0)","decl":{"start":{"line":41,"column":2},"end":{"line":41,"column":null}},"loc":{"start":{"line":45,"column":42},"end":{"line":49,"column":3}}},"1":{"name":"(anonymous_1)","decl":{"start":{"line":51,"column":2},"end":{"line":51,"column":10}},"loc":{"start":{"line":51,"column":10},"end":{"line":55,"column":3}}},"2":{"name":"(anonymous_2)","decl":{"start":{"line":57,"column":10},"end":{"line":57,"column":18}},"loc":{"start":{"line":57,"column":18},"end":{"line":72,"column":3}}},"3":{"name":"(anonymous_3)","decl":{"start":{"line":75,"column":2},"end":{"line":75,"column":15}},"loc":{"start":{"line":75,"column":15},"end":{"line":79,"column":3}}},"4":{"name":"(anonymous_4)","decl":{"start":{"line":81,"column":2},"end":{"line":81,"column":8}},"loc":{"start":{"line":81,"column":8},"end":{"line":100,"column":3}}},"5":{"name":"(anonymous_5)","decl":{"start":{"line":96,"column":14},"end":{"line":96,"column":17}},"loc":{"start":{"line":96,"column":20},"end":{"line":96,"column":40}}},"6":{"name":"(anonymous_6)","decl":{"start":{"line":97,"column":15},"end":{"line":97,"column":16}},"loc":{"start":{"line":97,"column":26},"end":{"line":97,"column":49}}},"7":{"name":"(anonymous_7)","decl":{"start":{"line":102,"column":2},"end":{"line":102,"column":15}},"loc":{"start":{"line":102,"column":15},"end":{"line":116,"column":3}}},"8":{"name":"(anonymous_8)","decl":{"start":{"line":111,"column":43},"end":{"line":111,"column":46}},"loc":{"start":{"line":111,"column":48},"end":{"line":113,"column":7}}},"9":{"name":"(anonymous_9)","decl":{"start":{"line":118,"column":2},"end":{"line":118,"column":13}},"loc":{"start":{"line":118,"column":24},"end":{"line":122,"column":3}}}},"branchMap":{"0":{"loc":{"start":{"line":68,"column":4},"end":{"line":71,"column":5}},"type":"if","locations":[{"start":{"line":68,"column":4},"end":{"line":71,"column":5}}]},"1":{"loc":{"start":{"line":77,"column":21},"end":{"line":77,"column":77}},"type":"cond-expr","locations":[{"start":{"line":77,"column":38},"end":{"line":77,"column":70}},{"start":{"line":77,"column":73},"end":{"line":77,"column":77}}]},"2":{"loc":{"start":{"line":82,"column":4},"end":{"line":85,"column":5}},"type":"if","locations":[{"start":{"line":82,"column":4},"end":{"line":85,"column":5}}]},"3":{"loc":{"start":{"line":89,"column":26},"end":{"line":91,"column":56}},"type":"cond-expr","locations":[{"start":{"line":90,"column":8},"end":{"line":90,"column":84}},{"start":{"line":91,"column":8},"end":{"line":91,"column":56}}]},"4":{"loc":{"start":{"line":103,"column":20},"end":{"line":103,"column":92}},"type":"cond-expr","locations":[{"start":{"line":103,"column":45},"end":{"line":103,"column":68}},{"start":{"line":103,"column":71},"end":{"line":103,"column":92}}]},"5":{"loc":{"start":{"line":106,"column":4},"end":{"line":115,"column":5}},"type":"if","locations":[{"start":{"line":106,"column":4},"end":{"line":115,"column":5}},{"start":{"line":109,"column":11},"end":{"line":115,"column":5}}]},"6":{"loc":{"start":{"line":120,"column":18},"end":{"line":120,"column":60}},"type":"binary-expr","locations":[{"start":{"line":120,"column":18},"end":{"line":120,"column":39}},{"start":{"line":120,"column":43},"end":{"line":120,"column":60}}]}},"s":{"0":2,"1":2,"2":2,"3":2,"4":2,"5":2,"6":2,"7":2,"8":2,"9":2,"10":2,"11":2,"12":8,"13":8,"14":8,"15":8,"16":8,"17":8,"18":8,"19":18,"20":18,"21":18,"22":18,"23":18,"24":18,"25":18,"26":3,"27":3,"28":3,"29":2,"30":0,"31":0,"32":2,"33":2,"34":2,"35":0,"36":0,"37":1,"38":1,"39":1,"40":1,"41":0,"42":0,"43":0,"44":1,"45":1,"46":2,"47":2},"f":{"0":8,"1":18,"2":18,"3":3,"4":2,"5":0,"6":0,"7":1,"8":0,"9":1},"b":{"0":[18],"1":[3,0],"2":[0],"3":[1,1],"4":[1,0],"5":[1,0],"6":[1,1]}}
,"C:\\Users\\gustavo-medeiros\\Documents\\APM\\APM.AAP\\APM.Angular\\src\\app\\modules\\exemplo\\components\\exemplo-list\\exemplo-list.component.html": {"path":"C:\\Users\\gustavo-medeiros\\Documents\\APM\\APM.AAP\\APM.Angular\\src\\app\\modules\\exemplo\\components\\exemplo-list\\exemplo-list.component.html","statementMap":{"0":{"start":{"line":1,"column":0},"end":{"line":1,"column":1834}}},"fnMap":{},"branchMap":{},"s":{"0":2},"f":{},"b":{},"_coverageSchema":"1a1c01bbd47fc00a2c39e90264f33305004495a9","hash":"f62789a625901d9447282f93f0592b1925c34fe7"}
,"C:\\Users\\gustavo-medeiros\\Documents\\APM\\APM.AAP\\APM.Angular\\src\\app\\modules\\exemplo\\components\\exemplo-list\\exemplo-list.component.ts": {"path":"C:\\Users\\gustavo-medeiros\\Documents\\APM\\APM.AAP\\APM.Angular\\src\\app\\modules\\exemplo\\components\\exemplo-list\\exemplo-list.component.ts","statementMap":{"0":{"start":{"line":1,"column":0},"end":{"line":1,"column":60}},"1":{"start":{"line":2,"column":0},"end":{"line":2,"column":50}},"2":{"start":{"line":3,"column":0},"end":{"line":3,"column":47}},"3":{"start":{"line":4,"column":0},"end":{"line":4,"column":54}},"4":{"start":{"line":5,"column":0},"end":{"line":5,"column":53}},"5":{"start":{"line":6,"column":0},"end":{"line":6,"column":78}},"6":{"start":{"line":7,"column":0},"end":{"line":7,"column":100}},"7":{"start":{"line":8,"column":0},"end":{"line":8,"column":68}},"8":{"start":{"line":9,"column":0},"end":{"line":9,"column":86}},"9":{"start":{"line":11,"column":0},"end":{"line":11,"column":64}},"10":{"start":{"line":34,"column":4},"end":{"line":34,"column":12}},"11":{"start":{"line":33,"column":22},"end":{"line":33,"column":52}},"12":{"start":{"line":38,"column":4},"end":{"line":38,"column":20}},"13":{"start":{"line":39,"column":4},"end":{"line":39,"column":24}},"14":{"start":{"line":43,"column":4},"end":{"line":43,"column":19}},"15":{"start":{"line":44,"column":4},"end":{"line":62,"column":6}},"16":{"start":{"line":52,"column":12},"end":{"line":52,"column":35}},"17":{"start":{"line":53,"column":12},"end":{"line":53,"column":51}},"18":{"start":{"line":54,"column":12},"end":{"line":54,"column":56}},"19":{"start":{"line":55,"column":12},"end":{"line":55,"column":51}},"20":{"start":{"line":56,"column":12},"end":{"line":56,"column":26}},"21":{"start":{"line":59,"column":12},"end":{"line":59,"column":36}},"22":{"start":{"line":66,"column":4},"end":{"line":71,"column":6}},"23":{"start":{"line":68,"column":8},"end":{"line":68,"column":43}},"24":{"start":{"line":69,"column":8},"end":{"line":69,"column":24}},"25":{"start":{"line":75,"column":4},"end":{"line":81,"column":5}},"26":{"start":{"line":76,"column":6},"end":{"line":80,"column":9}},"27":{"start":{"line":77,"column":8},"end":{"line":79,"column":9}},"28":{"start":{"line":78,"column":10},"end":{"line":78,"column":27}},"29":{"start":{"line":85,"column":4},"end":{"line":85,"column":19}},"30":{"start":{"line":86,"column":4},"end":{"line":96,"column":7}},"31":{"start":{"line":88,"column":8},"end":{"line":88,"column":22}},"32":{"start":{"line":89,"column":8},"end":{"line":91,"column":11}},"33":{"start":{"line":90,"column":10},"end":{"line":90,"column":26}},"34":{"start":{"line":94,"column":8},"end":{"line":94,"column":32}},"35":{"start":{"line":29,"column":13},"end":{"line":29,"column":33}},"36":{"start":{"line":29,"column":13},"end":{"line":98,"column":null}}},"fnMap":{"0":{"name":"(anonymous_0)","decl":{"start":{"line":33,"column":2},"end":{"line":33,"column":22}},"loc":{"start":{"line":33,"column":52},"end":{"line":35,"column":3}}},"1":{"name":"(anonymous_1)","decl":{"start":{"line":37,"column":2},"end":{"line":37,"column":10}},"loc":{"start":{"line":37,"column":10},"end":{"line":40,"column":3}}},"2":{"name":"(anonymous_2)","decl":{"start":{"line":42,"column":2},"end":{"line":42,"column":10}},"loc":{"start":{"line":42,"column":10},"end":{"line":63,"column":3}}},"3":{"name":"(anonymous_3)","decl":{"start":{"line":51,"column":16},"end":{"line":51,"column":17}},"loc":{"start":{"line":51,"column":24},"end":{"line":57,"column":11}}},"4":{"name":"(anonymous_4)","decl":{"start":{"line":58,"column":17},"end":{"line":58,"column":18}},"loc":{"start":{"line":58,"column":27},"end":{"line":60,"column":11}}},"5":{"name":"(anonymous_5)","decl":{"start":{"line":65,"column":2},"end":{"line":65,"column":14}},"loc":{"start":{"line":65,"column":14},"end":{"line":72,"column":3}}},"6":{"name":"(anonymous_6)","decl":{"start":{"line":67,"column":51},"end":{"line":67,"column":52}},"loc":{"start":{"line":67,"column":68},"end":{"line":70,"column":7}}},"7":{"name":"(anonymous_7)","decl":{"start":{"line":74,"column":2},"end":{"line":74,"column":15}},"loc":{"start":{"line":74,"column":38},"end":{"line":82,"column":3}}},"8":{"name":"(anonymous_8)","decl":{"start":{"line":76,"column":41},"end":{"line":76,"column":42}},"loc":{"start":{"line":76,"column":55},"end":{"line":80,"column":7}}},"9":{"name":"(anonymous_9)","decl":{"start":{"line":84,"column":2},"end":{"line":84,"column":9}},"loc":{"start":{"line":84,"column":20},"end":{"line":97,"column":3}}},"10":{"name":"(anonymous_10)","decl":{"start":{"line":87,"column":12},"end":{"line":87,"column":15}},"loc":{"start":{"line":87,"column":17},"end":{"line":92,"column":7}}},"11":{"name":"(anonymous_11)","decl":{"start":{"line":89,"column":60},"end":{"line":89,"column":63}},"loc":{"start":{"line":89,"column":65},"end":{"line":91,"column":9}}},"12":{"name":"(anonymous_12)","decl":{"start":{"line":93,"column":13},"end":{"line":93,"column":14}},"loc":{"start":{"line":93,"column":23},"end":{"line":95,"column":7}}}},"branchMap":{"0":{"loc":{"start":{"line":75,"column":4},"end":{"line":81,"column":5}},"type":"if","locations":[{"start":{"line":75,"column":4},"end":{"line":81,"column":5}}]},"1":{"loc":{"start":{"line":77,"column":8},"end":{"line":79,"column":9}},"type":"if","locations":[{"start":{"line":77,"column":8},"end":{"line":79,"column":9}}]}},"s":{"0":2,"1":2,"2":2,"3":2,"4":2,"5":2,"6":2,"7":2,"8":2,"9":2,"10":5,"11":5,"12":1,"13":1,"14":0,"15":0,"16":0,"17":0,"18":0,"19":0,"20":0,"21":0,"22":2,"23":1,"24":1,"25":2,"26":2,"27":2,"28":1,"29":0,"30":0,"31":0,"32":0,"33":0,"34":0,"35":2,"36":2},"f":{"0":5,"1":1,"2":0,"3":0,"4":0,"5":2,"6":1,"7":2,"8":2,"9":0,"10":0,"11":0,"12":0},"b":{"0":[2],"1":[1]}}
,"C:\\Users\\gustavo-medeiros\\Documents\\APM\\APM.AAP\\APM.Angular\\src\\app\\modules\\exemplo\\components\\grafico\\grafico.component.html": {"path":"C:\\Users\\gustavo-medeiros\\Documents\\APM\\APM.AAP\\APM.Angular\\src\\app\\modules\\exemplo\\components\\grafico\\grafico.component.html","statementMap":{"0":{"start":{"line":1,"column":0},"end":{"line":1,"column":1264}}},"fnMap":{},"branchMap":{},"s":{"0":2},"f":{},"b":{},"_coverageSchema":"1a1c01bbd47fc00a2c39e90264f33305004495a9","hash":"b0c3073c690bbc152ea9c3e1c4f6029246d25d9c"}
,"C:\\Users\\gustavo-medeiros\\Documents\\APM\\APM.AAP\\APM.Angular\\src\\app\\modules\\exemplo\\components\\grafico\\grafico.component.ts": {"path":"C:\\Users\\gustavo-medeiros\\Documents\\APM\\APM.AAP\\APM.Angular\\src\\app\\modules\\exemplo\\components\\grafico\\grafico.component.ts","statementMap":{"0":{"start":{"line":1,"column":0},"end":{"line":1,"column":68}},"1":{"start":{"line":2,"column":0},"end":{"line":2,"column":48}},"2":{"start":{"line":3,"column":0},"end":{"line":3,"column":69}},"3":{"start":{"line":15,"column":14},"end":{"line":41,"column":null}},"4":{"start":{"line":43,"column":13},"end":{"line":56,"column":null}},"5":{"start":{"line":58,"column":13},"end":{"line":68,"column":null}},"6":{"start":{"line":70,"column":18},"end":{"line":82,"column":null}},"7":{"start":{"line":85,"column":4},"end":{"line":85,"column":null}},"8":{"start":{"line":89,"column":4},"end":{"line":89,"column":18}},"9":{"start":{"line":13,"column":13},"end":{"line":13,"column":29}},"10":{"start":{"line":13,"column":13},"end":{"line":91,"column":null}}},"fnMap":{"0":{"name":"(anonymous_0)","decl":{"start":{"line":84,"column":2},"end":{"line":84,"column":null}},"loc":{"start":{"line":84,"column":2},"end":{"line":86,"column":3}}},"1":{"name":"(anonymous_1)","decl":{"start":{"line":88,"column":2},"end":{"line":88,"column":10}},"loc":{"start":{"line":88,"column":10},"end":{"line":90,"column":3}}}},"branchMap":{},"s":{"0":2,"1":2,"2":2,"3":1,"4":1,"5":1,"6":1,"7":1,"8":1,"9":2,"10":2},"f":{"0":1,"1":1},"b":{}}
,"C:\\Users\\gustavo-medeiros\\Documents\\APM\\APM.AAP\\APM.Angular\\src\\app\\modules\\exemplo\\components\\mapa\\mapa.component.html": {"path":"C:\\Users\\gustavo-medeiros\\Documents\\APM\\APM.AAP\\APM.Angular\\src\\app\\modules\\exemplo\\components\\mapa\\mapa.component.html","statementMap":{"0":{"start":{"line":1,"column":0},"end":{"line":1,"column":370}}},"fnMap":{},"branchMap":{},"s":{"0":2},"f":{},"b":{},"_coverageSchema":"1a1c01bbd47fc00a2c39e90264f33305004495a9","hash":"cb78933db1c319cf7ca8f54e491b55493ef1585e"}
,"C:\\Users\\gustavo-medeiros\\Documents\\APM\\APM.AAP\\APM.Angular\\src\\app\\modules\\exemplo\\components\\mapa\\mapa.component.ts": {"path":"C:\\Users\\gustavo-medeiros\\Documents\\APM\\APM.AAP\\APM.Angular\\src\\app\\modules\\exemplo\\components\\mapa\\mapa.component.ts","statementMap":{"0":{"start":{"line":1,"column":0},"end":{"line":1,"column":73}},"1":{"start":{"line":2,"column":0},"end":{"line":2,"column":56}},"2":{"start":{"line":3,"column":0},"end":{"line":3,"column":70}},"3":{"start":{"line":4,"column":0},"end":{"line":4,"column":69}},"4":{"start":{"line":5,"column":0},"end":{"line":5,"column":58}},"5":{"start":{"line":20,"column":19},"end":{"line":20,"column":38}},"6":{"start":{"line":24,"column":17},"end":{"line":24,"column":19}},"7":{"start":{"line":29,"column":4},"end":{"line":29,"column":12}},"8":{"start":{"line":28,"column":22},"end":{"line":28,"column":46}},"9":{"start":{"line":33,"column":4},"end":{"line":33,"column":18}},"10":{"start":{"line":34,"column":4},"end":{"line":34,"column":26}},"11":{"start":{"line":39,"column":4},"end":{"line":41,"column":5}},"12":{"start":{"line":40,"column":6},"end":{"line":40,"column":40}},"13":{"start":{"line":42,"column":4},"end":{"line":42,"column":19}},"14":{"start":{"line":47,"column":4},"end":{"line":47,"column":79}},"15":{"start":{"line":52,"column":4},"end":{"line":58,"column":7}},"16":{"start":{"line":53,"column":7},"end":{"line":53,"column":51}},"17":{"start":{"line":53,"column":41},"end":{"line":53,"column":50}},"18":{"start":{"line":54,"column":21},"end":{"line":54,"column":53}},"19":{"start":{"line":55,"column":6},"end":{"line":55,"column":31}},"20":{"start":{"line":56,"column":6},"end":{"line":56,"column":97}},"21":{"start":{"line":57,"column":6},"end":{"line":57,"column":40}},"22":{"start":{"line":63,"column":4},"end":{"line":71,"column":5}},"23":{"start":{"line":64,"column":6},"end":{"line":70,"column":9}},"24":{"start":{"line":65,"column":8},"end":{"line":65,"column":49}},"25":{"start":{"line":66,"column":8},"end":{"line":66,"column":51}},"26":{"start":{"line":67,"column":8},"end":{"line":67,"column":29}},"27":{"start":{"line":69,"column":8},"end":{"line":69,"column":63}},"28":{"start":{"line":76,"column":21},"end":{"line":76,"column":64}},"29":{"start":{"line":80,"column":20},"end":{"line":80,"column":86}},"30":{"start":{"line":82,"column":23},"end":{"line":82,"column":93}},"31":{"start":{"line":85,"column":4},"end":{"line":89,"column":7}},"32":{"start":{"line":92,"column":19},"end":{"line":95,"column":6}},"33":{"start":{"line":98,"column":4},"end":{"line":98,"column":104}},"34":{"start":{"line":98,"column":72},"end":{"line":98,"column":102}},"35":{"start":{"line":106,"column":4},"end":{"line":106,"column":38}},"36":{"start":{"line":107,"column":4},"end":{"line":107,"column":40}},"37":{"start":{"line":108,"column":4},"end":{"line":108,"column":41}},"38":{"start":{"line":109,"column":4},"end":{"line":109,"column":23}},"39":{"start":{"line":115,"column":4},"end":{"line":115,"column":19}},"40":{"start":{"line":116,"column":4},"end":{"line":122,"column":7}},"41":{"start":{"line":117,"column":25},"end":{"line":117,"column":61}},"42":{"start":{"line":119,"column":8},"end":{"line":119,"column":22}},"43":{"start":{"line":120,"column":8},"end":{"line":120,"column":null}},"44":{"start":{"line":127,"column":4},"end":{"line":136,"column":5}},"45":{"start":{"line":128,"column":23},"end":{"line":128,"column":41}},"46":{"start":{"line":129,"column":6},"end":{"line":135,"column":7}},"47":{"start":{"line":130,"column":8},"end":{"line":130,"column":56}},"48":{"start":{"line":131,"column":34},"end":{"line":131,"column":55}},"49":{"start":{"line":132,"column":8},"end":{"line":132,"column":98}},"50":{"start":{"line":134,"column":8},"end":{"line":134,"column":55}},"51":{"start":{"line":137,"column":4},"end":{"line":137,"column":18}},"52":{"start":{"line":142,"column":4},"end":{"line":148,"column":6}},"53":{"start":{"line":153,"column":22},"end":{"line":153,"column":102}},"54":{"start":{"line":153,"column":76},"end":{"line":153,"column":101}},"55":{"start":{"line":154,"column":4},"end":{"line":154,"column":81}},"56":{"start":{"line":17,"column":13},"end":{"line":17,"column":26}},"57":{"start":{"line":17,"column":13},"end":{"line":156,"column":null}}},"fnMap":{"0":{"name":"(anonymous_0)","decl":{"start":{"line":28,"column":2},"end":{"line":28,"column":22}},"loc":{"start":{"line":28,"column":46},"end":{"line":30,"column":3}}},"1":{"name":"(anonymous_1)","decl":{"start":{"line":32,"column":2},"end":{"line":32,"column":10}},"loc":{"start":{"line":32,"column":10},"end":{"line":35,"column":3}}},"2":{"name":"(anonymous_2)","decl":{"start":{"line":38,"column":2},"end":{"line":38,"column":7}},"loc":{"start":{"line":38,"column":22},"end":{"line":43,"column":3}}},"3":{"name":"(anonymous_3)","decl":{"start":{"line":46,"column":2},"end":{"line":46,"column":20}},"loc":{"start":{"line":46,"column":20},"end":{"line":48,"column":3}}},"4":{"name":"(anonymous_4)","decl":{"start":{"line":51,"column":2},"end":{"line":51,"column":22}},"loc":{"start":{"line":51,"column":22},"end":{"line":59,"column":3}}},"5":{"name":"(anonymous_5)","decl":{"start":{"line":52,"column":23},"end":{"line":52,"column":24}},"loc":{"start":{"line":52,"column":35},"end":{"line":58,"column":5}}},"6":{"name":"(anonymous_6)","decl":{"start":{"line":53,"column":35},"end":{"line":53,"column":38}},"loc":{"start":{"line":53,"column":41},"end":{"line":53,"column":50}}},"7":{"name":"(anonymous_7)","decl":{"start":{"line":62,"column":2},"end":{"line":62,"column":7}},"loc":{"start":{"line":62,"column":15},"end":{"line":72,"column":3}}},"8":{"name":"(anonymous_8)","decl":{"start":{"line":64,"column":47},"end":{"line":64,"column":48}},"loc":{"start":{"line":64,"column":60},"end":{"line":68,"column":7}}},"9":{"name":"(anonymous_9)","decl":{"start":{"line":68,"column":9},"end":{"line":68,"column":12}},"loc":{"start":{"line":68,"column":14},"end":{"line":70,"column":7}}},"10":{"name":"(anonymous_10)","decl":{"start":{"line":75,"column":2},"end":{"line":75,"column":7}},"loc":{"start":{"line":75,"column":21},"end":{"line":102,"column":3}}},"11":{"name":"(anonymous_11)","decl":{"start":{"line":98,"column":34},"end":{"line":98,"column":35}},"loc":{"start":{"line":98,"column":72},"end":{"line":98,"column":102}}},"12":{"name":"(anonymous_12)","decl":{"start":{"line":105,"column":2},"end":{"line":105,"column":12}},"loc":{"start":{"line":105,"column":73},"end":{"line":110,"column":3}}},"13":{"name":"(anonymous_13)","decl":{"start":{"line":114,"column":2},"end":{"line":114,"column":13}},"loc":{"start":{"line":114,"column":13},"end":{"line":123,"column":3}}},"14":{"name":"(anonymous_14)","decl":{"start":{"line":117,"column":12},"end":{"line":117,"column":13}},"loc":{"start":{"line":117,"column":25},"end":{"line":117,"column":61}}},"15":{"name":"(anonymous_15)","decl":{"start":{"line":118,"column":13},"end":{"line":118,"column":14}},"loc":{"start":{"line":118,"column":23},"end":{"line":121,"column":7}}},"16":{"name":"(anonymous_16)","decl":{"start":{"line":126,"column":2},"end":{"line":126,"column":24}},"loc":{"start":{"line":126,"column":37},"end":{"line":138,"column":3}}},"17":{"name":"(anonymous_17)","decl":{"start":{"line":141,"column":2},"end":{"line":141,"column":16}},"loc":{"start":{"line":141,"column":16},"end":{"line":149,"column":3}}},"18":{"name":"(anonymous_18)","decl":{"start":{"line":152,"column":2},"end":{"line":152,"column":22}},"loc":{"start":{"line":152,"column":50},"end":{"line":155,"column":3}}},"19":{"name":"(anonymous_19)","decl":{"start":{"line":153,"column":45},"end":{"line":153,"column":46}},"loc":{"start":{"line":153,"column":76},"end":{"line":153,"column":101}}}},"branchMap":{"0":{"loc":{"start":{"line":39,"column":4},"end":{"line":41,"column":5}},"type":"if","locations":[{"start":{"line":39,"column":4},"end":{"line":41,"column":5}}]},"1":{"loc":{"start":{"line":47,"column":11},"end":{"line":47,"column":78}},"type":"binary-expr","locations":[{"start":{"line":47,"column":11},"end":{"line":47,"column":40}},{"start":{"line":47,"column":44},"end":{"line":47,"column":78}}]},"2":{"loc":{"start":{"line":63,"column":4},"end":{"line":71,"column":5}},"type":"if","locations":[{"start":{"line":63,"column":4},"end":{"line":71,"column":5}}]},"3":{"loc":{"start":{"line":127,"column":4},"end":{"line":136,"column":5}},"type":"if","locations":[{"start":{"line":127,"column":4},"end":{"line":136,"column":5}}]},"4":{"loc":{"start":{"line":127,"column":8},"end":{"line":127,"column":45}},"type":"binary-expr","locations":[{"start":{"line":127,"column":8},"end":{"line":127,"column":15}},{"start":{"line":127,"column":19},"end":{"line":127,"column":45}}]},"5":{"loc":{"start":{"line":129,"column":6},"end":{"line":135,"column":7}},"type":"if","locations":[{"start":{"line":129,"column":6},"end":{"line":135,"column":7}},{"start":{"line":133,"column":13},"end":{"line":135,"column":7}}]},"6":{"loc":{"start":{"line":132,"column":31},"end":{"line":132,"column":62}},"type":"binary-expr","locations":[{"start":{"line":132,"column":31},"end":{"line":132,"column":56}},{"start":{"line":132,"column":60},"end":{"line":132,"column":62}}]},"7":{"loc":{"start":{"line":132,"column":68},"end":{"line":132,"column":95}},"type":"binary-expr","locations":[{"start":{"line":132,"column":68},"end":{"line":132,"column":89}},{"start":{"line":132,"column":93},"end":{"line":132,"column":95}}]},"8":{"loc":{"start":{"line":152,"column":37},"end":{"line":152,"column":50}},"type":"default-arg","locations":[{"start":{"line":152,"column":45},"end":{"line":152,"column":50}}]},"9":{"loc":{"start":{"line":154,"column":11},"end":{"line":154,"column":80}},"type":"cond-expr","locations":[{"start":{"line":154,"column":24},"end":{"line":154,"column":74}},{"start":{"line":154,"column":78},"end":{"line":154,"column":80}}]},"10":{"loc":{"start":{"line":154,"column":24},"end":{"line":154,"column":74}},"type":"cond-expr","locations":[{"start":{"line":154,"column":32},"end":{"line":154,"column":52}},{"start":{"line":154,"column":55},"end":{"line":154,"column":74}}]}},"s":{"0":2,"1":2,"2":2,"3":2,"4":2,"5":1,"6":1,"7":1,"8":1,"9":1,"10":1,"11":1,"12":1,"13":0,"14":1,"15":1,"16":1,"17":0,"18":1,"19":1,"20":1,"21":1,"22":0,"23":0,"24":0,"25":0,"26":0,"27":0,"28":0,"29":0,"30":0,"31":0,"32":0,"33":0,"34":0,"35":0,"36":0,"37":0,"38":0,"39":0,"40":0,"41":0,"42":0,"43":0,"44":0,"45":0,"46":0,"47":0,"48":0,"49":0,"50":0,"51":0,"52":0,"53":0,"54":0,"55":0,"56":2,"57":2},"f":{"0":1,"1":1,"2":1,"3":1,"4":1,"5":1,"6":0,"7":0,"8":0,"9":0,"10":0,"11":0,"12":0,"13":0,"14":0,"15":0,"16":0,"17":0,"18":0,"19":0},"b":{"0":[1],"1":[1,0],"2":[0],"3":[0],"4":[0,0],"5":[0,0],"6":[0,0],"7":[0,0],"8":[0],"9":[0,0],"10":[0,0]}}
,"C:\\Users\\gustavo-medeiros\\Documents\\APM\\APM.AAP\\APM.Angular\\src\\app\\modules\\exemplo\\components\\modal\\modal.component.html": {"path":"C:\\Users\\gustavo-medeiros\\Documents\\APM\\APM.AAP\\APM.Angular\\src\\app\\modules\\exemplo\\components\\modal\\modal.component.html","statementMap":{"0":{"start":{"line":1,"column":0},"end":{"line":1,"column":798}}},"fnMap":{},"branchMap":{},"s":{"0":2},"f":{},"b":{},"_coverageSchema":"1a1c01bbd47fc00a2c39e90264f33305004495a9","hash":"532354e1fdc17af70616c08e1ee9f2282fd298a6"}
,"C:\\Users\\gustavo-medeiros\\Documents\\APM\\APM.AAP\\APM.Angular\\src\\app\\modules\\exemplo\\components\\modal\\modal.component.ts": {"path":"C:\\Users\\gustavo-medeiros\\Documents\\APM\\APM.AAP\\APM.Angular\\src\\app\\modules\\exemplo\\components\\modal\\modal.component.ts","statementMap":{"0":{"start":{"line":1,"column":0},"end":{"line":1,"column":63}},"1":{"start":{"line":2,"column":0},"end":{"line":2,"column":65}},"2":{"start":{"line":3,"column":0},"end":{"line":3,"column":69}},"3":{"start":{"line":17,"column":4},"end":{"line":17,"column":null}},"4":{"start":{"line":16,"column":22},"end":{"line":16,"column":50}},"5":{"start":{"line":21,"column":4},"end":{"line":21,"column":18}},"6":{"start":{"line":25,"column":4},"end":{"line":25,"column":95}},"7":{"start":{"line":12,"column":13},"end":{"line":12,"column":27}},"8":{"start":{"line":12,"column":13},"end":{"line":27,"column":null}}},"fnMap":{"0":{"name":"(anonymous_0)","decl":{"start":{"line":16,"column":2},"end":{"line":16,"column":22}},"loc":{"start":{"line":16,"column":50},"end":{"line":18,"column":3}}},"1":{"name":"(anonymous_1)","decl":{"start":{"line":20,"column":2},"end":{"line":20,"column":10}},"loc":{"start":{"line":20,"column":10},"end":{"line":22,"column":3}}},"2":{"name":"(anonymous_2)","decl":{"start":{"line":24,"column":2},"end":{"line":24,"column":11}},"loc":{"start":{"line":24,"column":39},"end":{"line":26,"column":3}}}},"branchMap":{},"s":{"0":2,"1":2,"2":2,"3":1,"4":1,"5":1,"6":0,"7":2,"8":2},"f":{"0":1,"1":1,"2":0},"b":{}}
,"C:\\Users\\gustavo-medeiros\\Documents\\APM\\APM.AAP\\APM.Angular\\src\\app\\modules\\exemplo\\resolver\\exemplo.resolver.ts": {"path":"C:\\Users\\gustavo-medeiros\\Documents\\APM\\APM.AAP\\APM.Angular\\src\\app\\modules\\exemplo\\resolver\\exemplo.resolver.ts","statementMap":{"0":{"start":{"line":1,"column":0},"end":{"line":1,"column":43}},"1":{"start":{"line":4,"column":0},"end":{"line":4,"column":61}},"2":{"start":{"line":11,"column":22},"end":{"line":11,"column":45}},"3":{"start":{"line":14,"column":4},"end":{"line":14,"column":52}},"4":{"start":{"line":9,"column":13},"end":{"line":9,"column":28}},"5":{"start":{"line":9,"column":13},"end":{"line":16,"column":null}}},"fnMap":{"0":{"name":"(anonymous_0)","decl":{"start":{"line":11,"column":2},"end":{"line":11,"column":22}},"loc":{"start":{"line":11,"column":45},"end":{"line":11,"column":50}}},"1":{"name":"(anonymous_1)","decl":{"start":{"line":13,"column":2},"end":{"line":13,"column":9}},"loc":{"start":{"line":13,"column":39},"end":{"line":15,"column":3}}}},"branchMap":{},"s":{"0":2,"1":2,"2":1,"3":1,"4":2,"5":2},"f":{"0":1,"1":1},"b":{}}
,"C:\\Users\\gustavo-medeiros\\Documents\\APM\\APM.AAP\\APM.Angular\\src\\app\\modules\\exemplo\\services\\exemplo.service.ts": {"path":"C:\\Users\\gustavo-medeiros\\Documents\\APM\\APM.AAP\\APM.Angular\\src\\app\\modules\\exemplo\\services\\exemplo.service.ts","statementMap":{"0":{"start":{"line":1,"column":0},"end":{"line":1,"column":50}},"1":{"start":{"line":2,"column":0},"end":{"line":2,"column":43}},"2":{"start":{"line":3,"column":0},"end":{"line":3,"column":62}},"3":{"start":{"line":7,"column":13},"end":{"line":36,"column":2}},"4":{"start":{"line":38,"column":13},"end":{"line":43,"column":2}},"5":{"start":{"line":51,"column":4},"end":{"line":51,"column":null}},"6":{"start":{"line":50,"column":30},"end":{"line":50,"column":46}},"7":{"start":{"line":55,"column":4},"end":{"line":55,"column":18}},"8":{"start":{"line":59,"column":4},"end":{"line":59,"column":18}},"9":{"start":{"line":63,"column":4},"end":{"line":63,"column":21}},"10":{"start":{"line":48,"column":13},"end":{"line":48,"column":27}},"11":{"start":{"line":48,"column":13},"end":{"line":65,"column":null}}},"fnMap":{"0":{"name":"(anonymous_0)","decl":{"start":{"line":50,"column":2},"end":{"line":50,"column":30}},"loc":{"start":{"line":50,"column":46},"end":{"line":52,"column":3}}},"1":{"name":"(anonymous_1)","decl":{"start":{"line":54,"column":2},"end":{"line":54,"column":12}},"loc":{"start":{"line":54,"column":12},"end":{"line":56,"column":3}}},"2":{"name":"(anonymous_2)","decl":{"start":{"line":58,"column":2},"end":{"line":58,"column":11}},"loc":{"start":{"line":58,"column":11},"end":{"line":60,"column":3}}},"3":{"name":"(anonymous_3)","decl":{"start":{"line":62,"column":9},"end":{"line":62,"column":22}},"loc":{"start":{"line":62,"column":22},"end":{"line":64,"column":3}}}},"branchMap":{},"s":{"0":5,"1":5,"2":5,"3":5,"4":5,"5":17,"6":17,"7":1,"8":19,"9":3,"10":5,"11":5},"f":{"0":17,"1":1,"2":19,"3":3},"b":{}}
,"C:\\Users\\gustavo-medeiros\\Documents\\APM\\APM.AAP\\APM.Angular\\src\\app\\modules\\exemplo\\services\\mapa.service.ts": {"path":"C:\\Users\\gustavo-medeiros\\Documents\\APM\\APM.AAP\\APM.Angular\\src\\app\\modules\\exemplo\\services\\mapa.service.ts","statementMap":{"0":{"start":{"line":1,"column":0},"end":{"line":1,"column":50}},"1":{"start":{"line":2,"column":0},"end":{"line":2,"column":43}},"2":{"start":{"line":4,"column":0},"end":{"line":4,"column":67}},"3":{"start":{"line":11,"column":22},"end":{"line":11,"column":38}},"4":{"start":{"line":14,"column":19},"end":{"line":14,"column":38}},"5":{"start":{"line":15,"column":16},"end":{"line":15,"column":113}},"6":{"start":{"line":16,"column":4},"end":{"line":16,"column":30}},"7":{"start":{"line":9,"column":13},"end":{"line":9,"column":24}},"8":{"start":{"line":9,"column":13},"end":{"line":19,"column":null}}},"fnMap":{"0":{"name":"(anonymous_0)","decl":{"start":{"line":11,"column":2},"end":{"line":11,"column":22}},"loc":{"start":{"line":11,"column":38},"end":{"line":11,"column":43}}},"1":{"name":"(anonymous_1)","decl":{"start":{"line":13,"column":2},"end":{"line":13,"column":16}},"loc":{"start":{"line":13,"column":52},"end":{"line":17,"column":3}}}},"branchMap":{},"s":{"0":2,"1":2,"2":2,"3":1,"4":0,"5":0,"6":0,"7":2,"8":2},"f":{"0":1,"1":0},"b":{}}
,"C:\\Users\\gustavo-medeiros\\Documents\\APM\\APM.AAP\\APM.Angular\\src\\app\\modules\\locadora\\locadora.routes.ts": {"path":"C:\\Users\\gustavo-medeiros\\Documents\\APM\\APM.AAP\\APM.Angular\\src\\app\\modules\\locadora\\locadora.routes.ts","statementMap":{"0":{"start":{"line":2,"column":0},"end":{"line":2,"column":88}},"1":{"start":{"line":3,"column":0},"end":{"line":3,"column":88}},"2":{"start":{"line":4,"column":0},"end":{"line":4,"column":126}},"3":{"start":{"line":5,"column":0},"end":{"line":5,"column":88}},"4":{"start":{"line":6,"column":0},"end":{"line":6,"column":88}},"5":{"start":{"line":7,"column":0},"end":{"line":7,"column":88}},"6":{"start":{"line":8,"column":0},"end":{"line":8,"column":88}},"7":{"start":{"line":9,"column":0},"end":{"line":9,"column":62}},"8":{"start":{"line":10,"column":0},"end":{"line":10,"column":62}},"9":{"start":{"line":11,"column":0},"end":{"line":11,"column":62}},"10":{"start":{"line":13,"column":13},"end":{"line":89,"column":2}}},"fnMap":{},"branchMap":{},"s":{"0":1,"1":1,"2":1,"3":1,"4":1,"5":1,"6":1,"7":1,"8":1,"9":1,"10":1},"f":{},"b":{}}
,"C:\\Users\\gustavo-medeiros\\Documents\\APM\\APM.AAP\\APM.Angular\\src\\app\\modules\\locadora\\components\\cliente-form\\cliente-form.component.html": {"path":"C:\\Users\\gustavo-medeiros\\Documents\\APM\\APM.AAP\\APM.Angular\\src\\app\\modules\\locadora\\components\\cliente-form\\cliente-form.component.html","statementMap":{"0":{"start":{"line":1,"column":0},"end":{"line":1,"column":6020}}},"fnMap":{},"branchMap":{},"s":{"0":2},"f":{},"b":{},"_coverageSchema":"1a1c01bbd47fc00a2c39e90264f33305004495a9","hash":"12ee7df39eda38d35a83315fef52b0e884a13ea7"}
,"C:\\Users\\gustavo-medeiros\\Documents\\APM\\APM.AAP\\APM.Angular\\src\\app\\modules\\locadora\\components\\cliente-form\\cliente-form.component.ts": {"path":"C:\\Users\\gustavo-medeiros\\Documents\\APM\\APM.AAP\\APM.Angular\\src\\app\\modules\\locadora\\components\\cliente-form\\cliente-form.component.ts","statementMap":{"0":{"start":{"line":1,"column":0},"end":{"line":1,"column":47}},"1":{"start":{"line":2,"column":0},"end":{"line":2,"column":50}},"2":{"start":{"line":3,"column":0},"end":{"line":3,"column":null}},"3":{"start":{"line":10,"column":0},"end":{"line":10,"column":71}},"4":{"start":{"line":11,"column":0},"end":{"line":11,"column":null}},"5":{"start":{"line":16,"column":0},"end":{"line":16,"column":53}},"6":{"start":{"line":17,"column":0},"end":{"line":17,"column":79}},"7":{"start":{"line":18,"column":0},"end":{"line":18,"column":50}},"8":{"start":{"line":19,"column":0},"end":{"line":19,"column":60}},"9":{"start":{"line":20,"column":0},"end":{"line":20,"column":78}},"10":{"start":{"line":21,"column":0},"end":{"line":21,"column":108}},"11":{"start":{"line":24,"column":0},"end":{"line":24,"column":56}},"12":{"start":{"line":25,"column":0},"end":{"line":25,"column":64}},"13":{"start":{"line":26,"column":0},"end":{"line":26,"column":54}},"14":{"start":{"line":28,"column":0},"end":{"line":28,"column":34}},"15":{"start":{"line":53,"column":22},"end":{"line":53,"column":27}},"16":{"start":{"line":54,"column":17},"end":{"line":54,"column":19}},"17":{"start":{"line":64,"column":4},"end":{"line":64,"column":26}},"18":{"start":{"line":57,"column":20},"end":{"line":57,"column":50}},"19":{"start":{"line":58,"column":11},"end":{"line":58,"column":25}},"20":{"start":{"line":59,"column":12},"end":{"line":59,"column":42}},"21":{"start":{"line":60,"column":12},"end":{"line":60,"column":34}},"22":{"start":{"line":61,"column":12},"end":{"line":61,"column":32}},"23":{"start":{"line":62,"column":12},"end":{"line":62,"column":42}},"24":{"start":{"line":65,"column":4},"end":{"line":65,"column":36}},"25":{"start":{"line":69,"column":4},"end":{"line":69,"column":67}},"26":{"start":{"line":69,"column":48},"end":{"line":69,"column":64}},"27":{"start":{"line":70,"column":4},"end":{"line":70,"column":20}},"28":{"start":{"line":71,"column":4},"end":{"line":71,"column":18}},"29":{"start":{"line":76,"column":4},"end":{"line":92,"column":7}},"30":{"start":{"line":95,"column":4},"end":{"line":103,"column":5}},"31":{"start":{"line":96,"column":6},"end":{"line":96,"column":36}},"32":{"start":{"line":97,"column":6},"end":{"line":97,"column":34}},"33":{"start":{"line":98,"column":6},"end":{"line":98,"column":40}},"34":{"start":{"line":99,"column":6},"end":{"line":99,"column":54}},"35":{"start":{"line":102,"column":6},"end":{"line":102,"column":42}},"36":{"start":{"line":108,"column":22},"end":{"line":108,"column":55}},"37":{"start":{"line":109,"column":4},"end":{"line":109,"column":65}},"38":{"start":{"line":110,"column":4},"end":{"line":110,"column":55}},"39":{"start":{"line":114,"column":4},"end":{"line":114,"column":73}},"40":{"start":{"line":114,"column":25},"end":{"line":114,"column":73}},"41":{"start":{"line":115,"column":4},"end":{"line":115,"column":13}},"42":{"start":{"line":119,"column":4},"end":{"line":121,"column":5}},"43":{"start":{"line":120,"column":6},"end":{"line":120,"column":44}},"44":{"start":{"line":123,"column":4},"end":{"line":123,"column":19}},"45":{"start":{"line":127,"column":4},"end":{"line":130,"column":5}},"46":{"start":{"line":128,"column":6},"end":{"line":128,"column":25}},"47":{"start":{"line":129,"column":6},"end":{"line":129,"column":13}},"48":{"start":{"line":131,"column":4},"end":{"line":131,"column":19}},"49":{"start":{"line":134,"column":26},"end":{"line":136,"column":56}},"50":{"start":{"line":139,"column":4},"end":{"line":144,"column":6}},"51":{"start":{"line":141,"column":20},"end":{"line":141,"column":40}},"52":{"start":{"line":142,"column":26},"end":{"line":142,"column":49}},"53":{"start":{"line":148,"column":20},"end":{"line":150,"column":29}},"54":{"start":{"line":153,"column":4},"end":{"line":162,"column":5}},"55":{"start":{"line":154,"column":6},"end":{"line":154,"column":31}},"56":{"start":{"line":155,"column":6},"end":{"line":155,"column":20}},"57":{"start":{"line":158,"column":6},"end":{"line":160,"column":9}},"58":{"start":{"line":159,"column":8},"end":{"line":159,"column":58}},"59":{"start":{"line":161,"column":6},"end":{"line":161,"column":20}},"60":{"start":{"line":167,"column":4},"end":{"line":167,"column":62}},"61":{"start":{"line":168,"column":4},"end":{"line":168,"column":18}},"62":{"start":{"line":172,"column":16},"end":{"line":172,"column":36}},"63":{"start":{"line":173,"column":4},"end":{"line":176,"column":5}},"64":{"start":{"line":174,"column":6},"end":{"line":174,"column":37}},"65":{"start":{"line":175,"column":6},"end":{"line":175,"column":13}},"66":{"start":{"line":177,"column":4},"end":{"line":201,"column":6}},"67":{"start":{"line":180,"column":10},"end":{"line":184,"column":11}},"68":{"start":{"line":181,"column":12},"end":{"line":181,"column":43}},"69":{"start":{"line":182,"column":12},"end":{"line":182,"column":69}},"70":{"start":{"line":183,"column":12},"end":{"line":183,"column":19}},"71":{"start":{"line":186,"column":10},"end":{"line":186,"column":56}},"72":{"start":{"line":187,"column":10},"end":{"line":187,"column":64}},"73":{"start":{"line":188,"column":10},"end":{"line":188,"column":60}},"74":{"start":{"line":189,"column":10},"end":{"line":193,"column":14}},"75":{"start":{"line":192,"column":39},"end":{"line":192,"column":66}},"76":{"start":{"line":194,"column":10},"end":{"line":194,"column":40}},"77":{"start":{"line":195,"column":10},"end":{"line":195,"column":24}},"78":{"start":{"line":198,"column":10},"end":{"line":198,"column":41}},"79":{"start":{"line":202,"column":4},"end":{"line":202,"column":38}},"80":{"start":{"line":49,"column":13},"end":{"line":49,"column":33}},"81":{"start":{"line":49,"column":13},"end":{"line":204,"column":null}}},"fnMap":{"0":{"name":"(anonymous_0)","decl":{"start":{"line":56,"column":2},"end":{"line":56,"column":null}},"loc":{"start":{"line":62,"column":42},"end":{"line":66,"column":3}}},"1":{"name":"(anonymous_1)","decl":{"start":{"line":68,"column":2},"end":{"line":68,"column":10}},"loc":{"start":{"line":68,"column":10},"end":{"line":72,"column":3}}},"2":{"name":"(anonymous_2)","decl":{"start":{"line":69,"column":39},"end":{"line":69,"column":40}},"loc":{"start":{"line":69,"column":48},"end":{"line":69,"column":64}}},"3":{"name":"(anonymous_3)","decl":{"start":{"line":74,"column":10},"end":{"line":74,"column":18}},"loc":{"start":{"line":74,"column":18},"end":{"line":104,"column":3}}},"4":{"name":"(anonymous_4)","decl":{"start":{"line":107,"column":2},"end":{"line":107,"column":15}},"loc":{"start":{"line":107,"column":15},"end":{"line":111,"column":3}}},"5":{"name":"(anonymous_5)","decl":{"start":{"line":113,"column":2},"end":{"line":113,"column":22}},"loc":{"start":{"line":113,"column":39},"end":{"line":116,"column":3}}},"6":{"name":"(anonymous_6)","decl":{"start":{"line":118,"column":2},"end":{"line":118,"column":29}},"loc":{"start":{"line":118,"column":46},"end":{"line":124,"column":3}}},"7":{"name":"(anonymous_7)","decl":{"start":{"line":126,"column":2},"end":{"line":126,"column":8}},"loc":{"start":{"line":126,"column":8},"end":{"line":145,"column":3}}},"8":{"name":"(anonymous_8)","decl":{"start":{"line":141,"column":14},"end":{"line":141,"column":17}},"loc":{"start":{"line":141,"column":20},"end":{"line":141,"column":40}}},"9":{"name":"(anonymous_9)","decl":{"start":{"line":142,"column":15},"end":{"line":142,"column":16}},"loc":{"start":{"line":142,"column":26},"end":{"line":142,"column":49}}},"10":{"name":"(anonymous_10)","decl":{"start":{"line":147,"column":2},"end":{"line":147,"column":15}},"loc":{"start":{"line":147,"column":15},"end":{"line":163,"column":3}}},"11":{"name":"(anonymous_11)","decl":{"start":{"line":158,"column":43},"end":{"line":158,"column":46}},"loc":{"start":{"line":158,"column":48},"end":{"line":160,"column":7}}},"12":{"name":"(anonymous_12)","decl":{"start":{"line":165,"column":2},"end":{"line":165,"column":13}},"loc":{"start":{"line":165,"column":24},"end":{"line":169,"column":3}}},"13":{"name":"(anonymous_13)","decl":{"start":{"line":171,"column":2},"end":{"line":171,"column":13}},"loc":{"start":{"line":171,"column":13},"end":{"line":203,"column":3}}},"14":{"name":"(anonymous_14)","decl":{"start":{"line":179,"column":14},"end":{"line":179,"column":15}},"loc":{"start":{"line":179,"column":22},"end":{"line":196,"column":9}}},"15":{"name":"(anonymous_15)","decl":{"start":{"line":192,"column":31},"end":{"line":192,"column":32}},"loc":{"start":{"line":192,"column":39},"end":{"line":192,"column":66}}},"16":{"name":"(anonymous_16)","decl":{"start":{"line":197,"column":15},"end":{"line":197,"column":18}},"loc":{"start":{"line":197,"column":20},"end":{"line":199,"column":9}}}},"branchMap":{"0":{"loc":{"start":{"line":95,"column":4},"end":{"line":103,"column":5}},"type":"if","locations":[{"start":{"line":95,"column":4},"end":{"line":103,"column":5}}]},"1":{"loc":{"start":{"line":114,"column":4},"end":{"line":114,"column":73}},"type":"if","locations":[{"start":{"line":114,"column":4},"end":{"line":114,"c
[...]
,"C:\\Users\\gustavo-medeiros\\Documents\\APM\\APM.AAP\\APM.Angular\\src\\app\\shared\\components\\loading\\loading.component.html": {"path":"C:\\Users\\gustavo-medeiros\\Documents\\APM\\APM.AAP\\APM.Angular\\src\\app\\shared\\components\\loading\\loading.component.html","statementMap":{"0":{"start":{"line":1,"column":0},"end":{"line":1,"column":116}}},"fnMap":{},"branchMap":{},"s":{"0":1},"f":{},"b":{},"_coverageSchema":"1a1c01bbd47fc00a2c39e90264f33305004495a9","hash":"8fdd6df36434ab95ed56353f458beac3bc7ba404"}
,"C:\\Users\\gustavo-medeiros\\Documents\\APM\\APM.AAP\\APM.Angular\\src\\app\\shared\\components\\loading\\loading.component.ts": {"path":"C:\\Users\\gustavo-medeiros\\Documents\\APM\\APM.AAP\\APM.Angular\\src\\app\\shared\\components\\loading\\loading.component.ts","statementMap":{"0":{"start":{"line":1,"column":0},"end":{"line":1,"column":42}},"1":{"start":{"line":10,"column":7},"end":{"line":10,"column":null}},"2":{"start":{"line":10,"column":13},"end":{"line":10,"column":29}},"3":{"start":{"line":10,"column":13},"end":{"line":10,"column":null}}},"fnMap":{},"branchMap":{},"s":{"0":1,"1":1,"2":1,"3":1},"f":{},"b":{}}
,"C:\\Users\\gustavo-medeiros\\Documents\\APM\\APM.AAP\\APM.Angular\\src\\app\\shared\\components\\pagination\\pagination.component.html": {"path":"C:\\Users\\gustavo-medeiros\\Documents\\APM\\APM.AAP\\APM.Angular\\src\\app\\shared\\components\\pagination\\pagination.component.html","statementMap":{"0":{"start":{"line":1,"column":0},"end":{"line":1,"column":925}}},"fnMap":{},"branchMap":{},"s":{"0":7},"f":{},"b":{},"_coverageSchema":"1a1c01bbd47fc00a2c39e90264f33305004495a9","hash":"74ad3691aa6d94ff7a7ff4ee39e2b017b48e52b8"}
,"C:\\Users\\gustavo-medeiros\\Documents\\APM\\APM.AAP\\APM.Angular\\src\\app\\shared\\components\\pagination\\pagination.component.ts": {"path":"C:\\Users\\gustavo-medeiros\\Documents\\APM\\APM.AAP\\APM.Angular\\src\\app\\shared\\components\\pagination\\pagination.component.ts","statementMap":{"0":{"start":{"line":1,"column":0},"end":{"line":1,"column":47}},"1":{"start":{"line":2,"column":0},"end":{"line":2,"column":49}},"2":{"start":{"line":3,"column":0},"end":{"line":3,"column":45}},"3":{"start":{"line":4,"column":0},"end":{"line":4,"column":78}},"4":{"start":{"line":6,"column":0},"end":{"line":6,"column":66}},"5":{"start":{"line":7,"column":0},"end":{"line":7,"column":73}},"6":{"start":{"line":17,"column":36},"end":{"line":17,"column":98}},"7":{"start":{"line":18,"column":24},"end":{"line":18,"column":25}},"8":{"start":{"line":21,"column":4},"end":{"line":21,"column":57}},"9":{"start":{"line":16,"column":13},"end":{"line":16,"column":32}},"10":{"start":{"line":16,"column":13},"end":{"line":23,"column":null}}},"fnMap":{"0":{"name":"(anonymous_0)","decl":{"start":{"line":20,"column":2},"end":{"line":20,"column":13}},"loc":{"start":{"line":20,"column":37},"end":{"line":22,"column":3}}}},"branchMap":{},"s":{"0":7,"1":7,"2":7,"3":7,"4":7,"5":7,"6":15,"7":15,"8":0,"9":7,"10":7},"f":{"0":0},"b":{}}
,"C:\\Users\\gustavo-medeiros\\Documents\\APM\\APM.AAP\\APM.Angular\\src\\app\\shared\\pipes\\cpfCnpj.pipe.ts": {"path":"C:\\Users\\gustavo-medeiros\\Documents\\APM\\APM.AAP\\APM.Angular\\src\\app\\shared\\pipes\\cpfCnpj.pipe.ts","statementMap":{"0":{"start":{"line":1,"column":0},"end":{"line":1,"column":52}},"1":{"start":{"line":7,"column":7},"end":{"line":68,"column":null}},"2":{"start":{"line":9,"column":18},"end":{"line":9,"column":28}},"3":{"start":{"line":11,"column":4},"end":{"line":65,"column":5}},"4":{"start":{"line":12,"column":6},"end":{"line":12,"column":43}},"5":{"start":{"line":14,"column":6},"end":{"line":16,"column":7}},"6":{"start":{"line":15,"column":8},"end":{"line":15,"column":43}},"7":{"start":{"line":18,"column":6},"end":{"line":64,"column":7}},"8":{"start":{"line":20,"column":10},"end":{"line":20,"column":61}},"9":{"start":{"line":21,"column":10},"end":{"line":21,"column":16}},"10":{"start":{"line":23,"column":10},"end":{"line":23,"column":61}},"11":{"start":{"line":24,"column":10},"end":{"line":24,"column":16}},"12":{"start":{"line":26,"column":10},"end":{"line":26,"column":61}},"13":{"start":{"line":27,"column":10},"end":{"line":27,"column":16}},"14":{"start":{"line":29,"column":10},"end":{"line":29,"column":71}},"15":{"start":{"line":30,"column":10},"end":{"line":30,"column":16}},"16":{"start":{"line":32,"column":10},"end":{"line":32,"column":71}},"17":{"start":{"line":33,"column":10},"end":{"line":33,"column":16}},"18":{"start":{"line":35,"column":10},"end":{"line":35,"column":71}},"19":{"start":{"line":36,"column":10},"end":{"line":36,"column":16}},"20":{"start":{"line":38,"column":10},"end":{"line":41,"column":12}},"21":{"start":{"line":42,"column":10},"end":{"line":42,"column":16}},"22":{"start":{"line":44,"column":10},"end":{"line":47,"column":12}},"23":{"start":{"line":48,"column":10},"end":{"line":48,"column":16}},"24":{"start":{"line":50,"column":10},"end":{"line":53,"column":12}},"25":{"start":{"line":54,"column":10},"end":{"line":54,"column":16}},"26":{"start":{"line":57,"column":10},"end":{"line":60,"column":12}},"27":{"start":{"line":61,"column":10},"end":{"line":61,"column":16}},"28":{"start":{"line":63,"column":10},"end":{"line":63,"column":25}},"29":{"start":{"line":66,"column":4},"end":{"line":66,"column":19}},"30":{"start":{"line":7,"column":13},"end":{"line":7,"column":24}},"31":{"start":{"line":7,"column":13},"end":{"line":68,"column":null}}},"fnMap":{"0":{"name":"(anonymous_0)","decl":{"start":{"line":8,"column":2},"end":{"line":8,"column":11}},"loc":{"start":{"line":8,"column":46},"end":{"line":67,"column":3}}}},"branchMap":{"0":{"loc":{"start":{"line":11,"column":4},"end":{"line":65,"column":5}},"type":"if","locations":[{"start":{"line":11,"column":4},"end":{"line":65,"column":5}}]},"1":{"loc":{"start":{"line":14,"column":6},"end":{"line":16,"column":7}},"type":"if","locations":[{"start":{"line":14,"column":6},"end":{"line":16,"column":7}}]},"2":{"loc":{"start":{"line":18,"column":6},"end":{"line":64,"column":7}},"type":"switch","locations":[{"start":{"line":19,"column":8},"end":{"line":21,"column":16}},{"start":{"line":22,"column":8},"end":{"line":24,"column":16}},{"start":{"line":25,"column":8},"end":{"line":27,"column":16}},{"start":{"line":28,"column":8},"end":{"line":30,"column":16}},{"start":{"line":31,"column":8},"end":{"line":33,"column":16}},{"start":{"line":34,"column":8},"end":{"line":36,"column":16}},{"start":{"line":37,"column":8},"end":{"line":42,"column":16}},{"start":{"line":43,"column":8},"end":{"line":48,"column":16}},{"start":{"line":49,"column":8},"end":{"line":54,"column":16}},{"start":{"line":55,"column":8},"end":{"line":55,"column":16}},{"start":{"line":56,"column":8},"end":{"line":61,"column":16}},{"start":{"line":62,"column":8},"end":{"line":63,"column":25}}]}},"s":{"0":3,"1":3,"2":2,"3":2,"4":2,"5":2,"6":0,"7":2,"8":0,"9":0,"10":0,"11":0,"12":0,"13":0,"14":0,"15":0,"16":0,"17":0,"18":0,"19":0,"20":0,"21":0,"22":1,"23":1,"24":0,"25":0,"26":1,"27":1,"28":0,"29":2,"30":3,"31":3},"f":{"0":2},"b":{"0":[2],"1":[0],"2":[0,0,0,0,0,0,0,1,0,0,1,0]}}
,"C:\\Users\\gustavo-medeiros\\Documents\\APM\\APM.AAP\\APM.Angular\\src\\app\\shared\\pipes\\exemplo.pipe.ts": {"path":"C:\\Users\\gustavo-medeiros\\Documents\\APM\\APM.AAP\\APM.Angular\\src\\app\\shared\\pipes\\exemplo.pipe.ts","statementMap":{"0":{"start":{"line":1,"column":0},"end":{"line":1,"column":52}},"1":{"start":{"line":7,"column":7},"end":{"line":22,"column":null}},"2":{"start":{"line":10,"column":61},"end":{"line":15,"column":4}},"3":{"start":{"line":18,"column":18},"end":{"line":18,"column":63}},"4":{"start":{"line":18,"column":44},"end":{"line":18,"column":62}},"5":{"start":{"line":19,"column":4},"end":{"line":19,"column":56}},"6":{"start":{"line":7,"column":13},"end":{"line":7,"column":24}},"7":{"start":{"line":7,"column":13},"end":{"line":22,"column":null}}},"fnMap":{"0":{"name":"(anonymous_0)","decl":{"start":{"line":17,"column":2},"end":{"line":17,"column":11}},"loc":{"start":{"line":17,"column":26},"end":{"line":20,"column":3}}},"1":{"name":"(anonymous_1)","decl":{"start":{"line":18,"column":35},"end":{"line":18,"column":40}},"loc":{"start":{"line":18,"column":44},"end":{"line":18,"column":62}}}},"branchMap":{"0":{"loc":{"start":{"line":19,"column":11},"end":{"line":19,"column":55}},"type":"cond-expr","locations":[{"start":{"line":19,"column":19},"end":{"line":19,"column":30}},{"start":{"line":19,"column":33},"end":{"line":19,"column":55}}]}},"s":{"0":7,"1":7,"2":1,"3":2,"4":8,"5":2,"6":7,"7":7},"f":{"0":2,"1":8},"b":{"0":[1,1]}}
,"C:\\Users\\gustavo-medeiros\\Documents\\APM\\APM.AAP\\APM.Angular\\src\\app\\shared\\services\\auth.interceptor.ts": {"path":"C:\\Users\\gustavo-medeiros\\Documents\\APM\\APM.AAP\\APM.Angular\\src\\app\\shared\\services\\auth.interceptor.ts","statementMap":{"0":{"start":{"line":1,"column":0},"end":{"line":1,"column":124}},"1":{"start":{"line":2,"column":0},"end":{"line":2,"column":43}},"2":{"start":{"line":3,"column":0},"end":{"line":3,"column":41}},"3":{"start":{"line":4,"column":0},"end":{"line":4,"column":44}},"4":{"start":{"line":5,"column":0},"end":{"line":5,"column":55}},"5":{"start":{"line":6,"column":0},"end":{"line":6,"column":45}},"6":{"start":{"line":7,"column":0},"end":{"line":7,"column":64}},"7":{"start":{"line":11,"column":22},"end":{"line":11,"column":46}},"8":{"start":{"line":11,"column":56},"end":{"line":11,"column":70}},"9":{"start":{"line":14,"column":4},"end":{"line":44,"column":5}},"10":{"start":{"line":16,"column":6},"end":{"line":40,"column":8}},"11":{"start":{"line":18,"column":31},"end":{"line":18,"column":38}},"12":{"start":{"line":21,"column":68},"end":{"line":21,"column":70}},"13":{"start":{"line":22,"column":10},"end":{"line":24,"column":11}},"14":{"start":{"line":23,"column":12},"end":{"line":23,"column":68}},"15":{"start":{"line":27,"column":10},"end":{"line":29,"column":11}},"16":{"start":{"line":28,"column":12},"end":{"line":28,"column":64}},"17":{"start":{"line":32,"column":28},"end":{"line":32,"column":59}},"18":{"start":{"line":33,"column":10},"end":{"line":33,"column":65}},"19":{"start":{"line":36,"column":10},"end":{"line":38,"column":12}},"20":{"start":{"line":37,"column":32},"end":{"line":37,"column":59}},"21":{"start":{"line":43,"column":6},"end":{"line":43,"column":34}},"22":{"start":{"line":48,"column":4},"end":{"line":55,"column":5}},"23":{"start":{"line":49,"column":6},"end":{"line":49,"column":34}},"24":{"start":{"line":50,"column":11},"end":{"line":55,"column":5}},"25":{"start":{"line":51,"column":6},"end":{"line":54,"column":7}},"26":{"start":{"line":52,"column":8},"end":{"line":52,"column":34}},"27":{"start":{"line":53,"column":8},"end":{"line":53,"column":33}},"28":{"start":{"line":56,"column":4},"end":{"line":56,"column":16}},"29":{"start":{"line":10,"column":13},"end":{"line":10,"column":28}},"30":{"start":{"line":10,"column":13},"end":{"line":58,"column":null}}},"fnMap":{"0":{"name":"(anonymous_0)","decl":{"start":{"line":11,"column":2},"end":{"line":11,"column":22}},"loc":{"start":{"line":11,"column":70},"end":{"line":11,"column":75}}},"1":{"name":"(anonymous_1)","decl":{"start":{"line":13,"column":2},"end":{"line":13,"column":11}},"loc":{"start":{"line":13,"column":56},"end":{"line":45,"column":3}}},"2":{"name":"(anonymous_2)","decl":{"start":{"line":17,"column":18},"end":{"line":17,"column":23}},"loc":{"start":{"line":17,"column":26},"end":{"line":39,"column":9}}},"3":{"name":"(anonymous_3)","decl":{"start":{"line":37,"column":23},"end":{"line":37,"column":28}},"loc":{"start":{"line":37,"column":32},"end":{"line":37,"column":59}}},"4":{"name":"(anonymous_4)","decl":{"start":{"line":47,"column":10},"end":{"line":47,"column":25}},"loc":{"start":{"line":47,"column":50},"end":{"line":57,"column":3}}}},"branchMap":{"0":{"loc":{"start":{"line":14,"column":4},"end":{"line":44,"column":5}},"type":"if","locations":[{"start":{"line":14,"column":4},"end":{"line":44,"column":5}},{"start":{"line":41,"column":11},"end":{"line":44,"column":5}}]},"1":{"loc":{"start":{"line":14,"column":8},"end":{"line":14,"column":83}},"type":"binary-expr","locations":[{"start":{"line":14,"column":8},"end":{"line":14,"column":43}},{"start":{"line":14,"column":47},"end":{"line":14,"column":83}}]},"2":{"loc":{"start":{"line":23,"column":34},"end":{"line":23,"column":67}},"type":"binary-expr","locations":[{"start":{"line":23,"column":34},"end":{"line":23,"column":61}},{"start":{"line":23,"column":65},"end":{"line":23,"column":67}}]},"3":{"loc":{"start":{"line":27,"column":10},"end":{"line":29,"column":11}},"type":"if","locations":[{"start":{"line":27,"column":10},"end":{"line":29,"column":11}}]},"4":{"loc":{"start":{"line":48,"column":4},"end":{"line":55,"column":5}},"type":"if","locations":[{"start":{"line":48,"column":4},"end":{"line":55,"column":5}},{"start":{"line":50,"column":11},"end":{"line":55,"column":5}}]},"5":{"loc":{"start":{"line":50,"column":11},"end":{"line":55,"column":5}},"type":"if","locations":[{"start":{"line":50,"column":11},"end":{"line":55,"column":5}}]},"6":{"loc":{"start":{"line":51,"column":6},"end":{"line":54,"column":7}},"type":"if","locations":[{"start":{"line":51,"column":6},"end":{"line":54,"column":7}}]}},"s":{"0":1,"1":1,"2":1,"3":1,"4":1,"5":1,"6":1,"7":6,"8":6,"9":5,"10":4,"11":4,"12":4,"13":4,"14":4,"15":4,"16":4,"17":4,"18":4,"19":4,"20":3,"21":1,"22":3,"23":1,"24":2,"25":0,"26":0,"27":0,"28":3,"29":1,"30":1},"f":{"0":6,"1":5,"2":4,"3":3,"4":3},"b":{"0":[4,1],"1":[5,4],"2":[4,0],"3":[4],"4":[1,2],"5":[0],"6":[0]}}
,"C:\\Users\\gustavo-medeiros\\Documents\\APM\\APM.AAP\\APM.Angular\\src\\app\\shared\\services\\auth.service.ts": {"path":"C:\\Users\\gustavo-medeiros\\Documents\\APM\\APM.AAP\\APM.Angular\\src\\app\\shared\\services\\auth.service.ts","statementMap":{"0":{"start":{"line":1,"column":0},"end":{"line":1,"column":43}},"1":{"start":{"line":2,"column":0},"end":{"line":2,"column":63}},"2":{"start":{"line":3,"column":0},"end":{"line":3,"column":64}},"3":{"start":{"line":10,"column":46},"end":{"line":10,"column":51}},"4":{"start":{"line":12,"column":22},"end":{"line":12,"column":62}},"5":{"start":{"line":16,"column":4},"end":{"line":16,"column":64}},"6":{"start":{"line":21,"column":4},"end":{"line":21,"column":82}},"7":{"start":{"line":22,"column":4},"end":{"line":22,"column":112}},"8":{"start":{"line":27,"column":21},"end":{"line":27,"column":39}},"9":{"start":{"line":28,"column":4},"end":{"line":28,"column":49}},"10":{"start":{"line":32,"column":21},"end":{"line":32,"column":39}},"11":{"start":{"line":33,"column":4},"end":{"line":33,"column":89}},"12":{"start":{"line":33,"column":68},"end":{"line":33,"column":87}},"13":{"start":{"line":37,"column":21},"end":{"line":37,"column":39}},"14":{"start":{"line":38,"column":4},"end":{"line":38,"column":61}},"15":{"start":{"line":42,"column":21},"end":{"line":42,"column":39}},"16":{"start":{"line":43,"column":4},"end":{"line":43,"column":58}},"17":{"start":{"line":8,"column":13},"end":{"line":8,"column":24}},"18":{"start":{"line":8,"column":13},"end":{"line":45,"column":null}}},"fnMap":{"0":{"name":"(anonymous_0)","decl":{"start":{"line":12,"column":2},"end":{"line":12,"column":22}},"loc":{"start":{"line":12,"column":62},"end":{"line":12,"column":68}}},"1":{"name":"(anonymous_1)","decl":{"start":{"line":15,"column":2},"end":{"line":15,"column":23}},"loc":{"start":{"line":15,"column":38},"end":{"line":17,"column":3}}},"2":{"name":"(anonymous_2)","decl":{"start":{"line":20,"column":9},"end":{"line":20,"column":20}},"loc":{"start":{"line":20,"column":20},"end":{"line":23,"column":3}}},"3":{"name":"(anonymous_3)","decl":{"start":{"line":25,"column":2},"end":{"line":25,"column":7}},"loc":{"start":{"line":25,"column":7},"end":{"line":29,"column":3}}},"4":{"name":"(anonymous_4)","decl":{"start":{"line":31,"column":2},"end":{"line":31,"column":8}},"loc":{"start":{"line":31,"column":8},"end":{"line":34,"column":3}}},"5":{"name":"(anonymous_5)","decl":{"start":{"line":33,"column":56},"end":{"line":33,"column":57}},"loc":{"start":{"line":33,"column":68},"end":{"line":33,"column":87}}},"6":{"name":"(anonymous_6)","decl":{"start":{"line":36,"column":2},"end":{"line":36,"column":16}},"loc":{"start":{"line":36,"column":16},"end":{"line":39,"column":3}}},"7":{"name":"(anonymous_7)","decl":{"start":{"line":41,"column":2},"end":{"line":41,"column":13}},"loc":{"start":{"line":41,"column":13},"end":{"line":44,"column":3}}}},"branchMap":{"0":{"loc":{"start":{"line":22,"column":11},"end":{"line":22,"column":111}},"type":"cond-expr","locations":[{"start":{"line":22,"column":47},"end":{"line":22,"column":75}},{"start":{"line":22,"column":78},"end":{"line":22,"column":111}}]}},"s":{"0":3,"1":3,"2":3,"3":8,"4":8,"5":0,"6":5,"7":5,"8":1,"9":1,"10":1,"11":1,"12":1,"13":1,"14":1,"15":0,"16":0,"17":3,"18":3},"f":{"0":8,"1":0,"2":5,"3":1,"4":1,"5":1,"6":1,"7":0},"b":{"0":[0,5]}}
,"C:\\Users\\gustavo-medeiros\\Documents\\APM\\APM.AAP\\APM.Angular\\src\\app\\shared\\services\\event-shared.service.ts": {"path":"C:\\Users\\gustavo-medeiros\\Documents\\APM\\APM.AAP\\APM.Angular\\src\\app\\shared\\services\\event-shared.service.ts","statementMap":{"0":{"start":{"line":1,"column":0},"end":{"line":1,"column":57}},"1":{"start":{"line":7,"column":63},"end":{"line":7,"column":65}},"2":{"start":{"line":12,"column":4},"end":{"line":13,"column":58}},"3":{"start":{"line":13,"column":6},"end":{"line":13,"column":58}},"4":{"start":{"line":16,"column":4},"end":{"line":16,"column":37}},"5":{"start":{"line":4,"column":13},"end":{"line":4,"column":31}},"6":{"start":{"line":4,"column":13},"end":{"line":18,"column":null}}},"fnMap":{"0":{"name":"(anonymous_0)","decl":{"start":{"line":10,"column":2},"end":{"line":10,"column":8}},"loc":{"start":{"line":10,"column":31},"end":{"line":17,"column":3}}}},"branchMap":{"0":{"loc":{"start":{"line":12,"column":4},"end":{"line":13,"column":58}},"type":"if","locations":[{"start":{"line":12,"column":4},"end":{"line":13,"column":58}}]}},"s":{"0":23,"1":23,"2":106,"3":19,"4":106,"5":23,"6":23},"f":{"0":106},"b":{"0":[19]}}
,"C:\\Users\\gustavo-medeiros\\Documents\\APM\\APM.AAP\\APM.Angular\\src\\environments\\environment.ts": {"path":"C:\\Users\\gustavo-medeiros\\Documents\\APM\\APM.AAP\\APM.Angular\\src\\environments\\environment.ts","statementMap":{"0":{"start":{"line":1,"column":13},"end":{"line":31,"column":2}}},"fnMap":{},"branchMap":{},"s":{"0":32},"f":{},"b":{}}
}
