{"C:\\Users\\frederico-cappellari\\Desktop\\Pessoal\\Pós PUC\\TCC\\tcc-desenvolvimento-full-stack-front-end\\gestao-financeira-frontend\\src\\app\\core\\base\\base.component.ts": {"path":"C:\\Users\\frederico-cappellari\\Desktop\\Pessoal\\Pós PUC\\TCC\\tcc-desenvolvimento-full-stack-front-end\\gestao-financeira-frontend\\src\\app\\core\\base\\base.component.ts","statementMap":{"0":{"start":{"line":1,"column":0},"end":{"line":1,"column":48}},"1":{"start":{"line":2,"column":0},"end":{"line":2,"column":31}},"2":{"start":{"line":3,"column":0},"end":{"line":3,"column":80}},"3":{"start":{"line":7,"column":33},"end":{"line":7,"column":35}},"4":{"start":{"line":8,"column":21},"end":{"line":8,"column":25}},"5":{"start":{"line":15,"column":36},"end":{"line":15,"column":56}},"6":{"start":{"line":20,"column":28},"end":{"line":20,"column":68}},"7":{"start":{"line":20,"column":51},"end":{"line":20,"column":66}},"8":{"start":{"line":25,"column":12},"end":{"line":28,"column":3}},"9":{"start":{"line":26,"column":4},"end":{"line":26,"column":25}},"10":{"start":{"line":27,"column":4},"end":{"line":27,"column":63}},"11":{"start":{"line":33,"column":11},"end":{"line":36,"column":3}},"12":{"start":{"line":34,"column":4},"end":{"line":34,"column":26}},"13":{"start":{"line":35,"column":4},"end":{"line":35,"column":63}},"14":{"start":{"line":44,"column":20},"end":{"line":44,"column":41}},"15":{"start":{"line":51,"column":4},"end":{"line":67,"column":7}},"16":{"start":{"line":52,"column":6},"end":{"line":66,"column":9}},"17":{"start":{"line":60,"column":8},"end":{"line":64,"column":9}},"18":{"start":{"line":61,"column":10},"end":{"line":61,"column":30}},"19":{"start":{"line":63,"column":10},"end":{"line":63,"column":31}},"20":{"start":{"line":65,"column":8},"end":{"line":65,"column":28}},"21":{"start":{"line":71,"column":4},"end":{"line":87,"column":7}},"22":{"start":{"line":72,"column":6},"end":{"line":86,"column":9}},"23":{"start":{"line":80,"column":8},"end":{"line":84,"column":9}},"24":{"start":{"line":81,"column":10},"end":{"line":81,"column":30}},"25":{"start":{"line":83,"column":10},"end":{"line":83,"column":31}},"26":{"start":{"line":85,"column":8},"end":{"line":85,"column":28}},"27":{"start":{"line":91,"column":4},"end":{"line":96,"column":7}},"28":{"start":{"line":100,"column":4},"end":{"line":104,"column":7}},"29":{"start":{"line":108,"column":4},"end":{"line":108,"column":41}},"30":{"start":{"line":109,"column":4},"end":{"line":109,"column":18}},"31":{"start":{"line":5,"column":0},"end":{"line":5,"column":22}}},"fnMap":{"0":{"name":"(anonymous_0)","decl":{"start":{"line":15,"column":2},"end":{"line":15,"column":8}},"loc":{"start":{"line":15,"column":26},"end":{"line":15,"column":58}}},"1":{"name":"(anonymous_1)","decl":{"start":{"line":20,"column":2},"end":{"line":20,"column":17}},"loc":{"start":{"line":20,"column":17},"end":{"line":20,"column":70}}},"2":{"name":"(anonymous_2)","decl":{"start":{"line":20,"column":46},"end":{"line":20,"column":47}},"loc":{"start":{"line":20,"column":51},"end":{"line":20,"column":66}}},"3":{"name":"(anonymous_3)","decl":{"start":{"line":25,"column":12},"end":{"line":25,"column":21}},"loc":{"start":{"line":25,"column":23},"end":{"line":28,"column":3}}},"4":{"name":"(anonymous_4)","decl":{"start":{"line":33,"column":11},"end":{"line":33,"column":20}},"loc":{"start":{"line":33,"column":22},"end":{"line":36,"column":3}}},"5":{"name":"(anonymous_5)","decl":{"start":{"line":44,"column":2},"end":{"line":44,"column":6}},"loc":{"start":{"line":44,"column":15},"end":{"line":44,"column":43}}},"6":{"name":"(anonymous_6)","decl":{"start":{"line":50,"column":2},"end":{"line":50,"column":19}},"loc":{"start":{"line":50,"column":59},"end":{"line":68,"column":3}}},"7":{"name":"(anonymous_7)","decl":{"start":{"line":51,"column":35},"end":{"line":51,"column":36}},"loc":{"start":{"line":51,"column":48},"end":{"line":67,"column":5}}},"8":{"name":"(anonymous_8)","decl":{"start":{"line":59,"column":14},"end":{"line":59,"column":15}},"loc":{"start":{"line":59,"column":25},"end":{"line":66,"column":7}}},"9":{"name":"(anonymous_9)","decl":{"start":{"line":70,"column":2},"end":{"line":70,"column":14}},"loc":{"start":{"line":70,"column":112},"end":{"line":88,"column":3}}},"10":{"name":"(anonymous_10)","decl":{"start":{"line":71,"column":35},"end":{"line":71,"column":36}},"loc":{"start":{"line":71,"column":48},"end":{"line":87,"column":5}}},"11":{"name":"(anonymous_11)","decl":{"start":{"line":79,"column":14},"end":{"line":79,"column":15}},"loc":{"start":{"line":79,"column":25},"end":{"line":86,"column":7}}},"12":{"name":"(anonymous_12)","decl":{"start":{"line":90,"column":2},"end":{"line":90,"column":12}},"loc":{"start":{"line":90,"column":41},"end":{"line":97,"column":3}}},"13":{"name":"(anonymous_13)","decl":{"start":{"line":99,"column":2},"end":{"line":99,"column":10}},"loc":{"start":{"line":99,"column":20},"end":{"line":105,"column":3}}},"14":{"name":"(anonymous_14)","decl":{"start":{"line":107,"column":2},"end":{"line":107,"column":13}},"loc":{"start":{"line":107,"column":24},"end":{"line":110,"column":3}}}},"branchMap":{"0":{"loc":{"start":{"line":50,"column":20},"end":{"line":50,"column":59}},"type":"default-arg","locations":[{"start":{"line":50,"column":26},"end":{"line":50,"column":59}}]},"1":{"loc":{"start":{"line":60,"column":8},"end":{"line":64,"column":9}},"type":"if","locations":[{"start":{"line":60,"column":8},"end":{"line":64,"column":9}},{"start":{"line":62,"column":15},"end":{"line":64,"column":9}}]},"2":{"loc":{"start":{"line":70,"column":15},"end":{"line":70,"column":54}},"type":"default-arg","locations":[{"start":{"line":70,"column":21},"end":{"line":70,"column":54}}]},"3":{"loc":{"start":{"line":70,"column":56},"end":{"line":70,"column":73}},"type":"default-arg","locations":[{"start":{"line":70,"column":64},"end":{"line":70,"column":73}}]},"4":{"loc":{"start":{"line":70,"column":75},"end":{"line":70,"column":96}},"type":"default-arg","locations":[{"start":{"line":70,"column":87},"end":{"line":70,"column":96}}]},"5":{"loc":{"start":{"line":70,"column":98},"end":{"line":70,"column":112}},"type":"default-arg","locations":[{"start":{"line":70,"column":107},"end":{"line":70,"column":112}}]},"6":{"loc":{"start":{"line":80,"column":8},"end":{"line":84,"column":9}},"type":"if","locations":[{"start":{"line":80,"column":8},"end":{"line":84,"column":9}},{"start":{"line":82,"column":15},"end":{"line":84,"column":9}}]},"7":{"loc":{"start":{"line":90,"column":13},"end":{"line":90,"column":41}},"type":"default-arg","locations":[{"start":{"line":90,"column":19},"end":{"line":90,"column":41}}]},"8":{"loc":{"start":{"line":99,"column":11},"end":{"line":99,"column":20}},"type":"default-arg","locations":[{"start":{"line":99,"column":18},"end":{"line":99,"column":20}}]}},"s":{"0":1,"1":1,"2":1,"3":1,"4":1,"5":0,"6":0,"7":0,"8":1,"9":0,"10":0,"11":1,"12":0,"13":0,"14":0,"15":0,"16":0,"17":0,"18":0,"19":0,"20":0,"21":0,"22":0,"23":0,"24":0,"25":0,"26":0,"27":0,"28":0,"29":0,"30":0,"31":1},"f":{"0":0,"1":0,"2":0,"3":0,"4":0,"5":0,"6":0,"7":0,"8":0,"9":0,"10":0,"11":0,"12":0,"13":0,"14":0},"b":{"0":[0],"1":[0,0],"2":[0],"3":[0],"4":[0],"5":[0],"6":[0,0],"7":[0],"8":[0]}}
,"C:\\Users\\frederico-cappellari\\Desktop\\Pessoal\\Pós PUC\\TCC\\tcc-desenvolvimento-full-stack-front-end\\gestao-financeira-frontend\\src\\app\\shared\\components\\button\\button.component.html": {"path":"C:\\Users\\frederico-cappellari\\Desktop\\Pessoal\\Pós PUC\\TCC\\tcc-desenvolvimento-full-stack-front-end\\gestao-financeira-frontend\\src\\app\\shared\\components\\button\\button.component.html","statementMap":{"0":{"start":{"line":1,"column":0},"end":{"line":1,"column":370}}},"fnMap":{},"branchMap":{},"s":{"0":1},"f":{},"b":{},"_coverageSchema":"1a1c01bbd47fc00a2c39e90264f33305004495a9","hash":"abd35d1fee3e9a084f06b3cbaf295dfd53d3aea2"}
,"C:\\Users\\frederico-cappellari\\Desktop\\Pessoal\\Pós PUC\\TCC\\tcc-desenvolvimento-full-stack-front-end\\gestao-financeira-frontend\\src\\app\\shared\\components\\button\\button.component.ts": {"path":"C:\\Users\\frederico-cappellari\\Desktop\\Pessoal\\Pós PUC\\TCC\\tcc-desenvolvimento-full-stack-front-end\\gestao-financeira-frontend\\src\\app\\shared\\components\\button\\button.component.ts","statementMap":{"0":{"start":{"line":1,"column":0},"end":{"line":1,"column":47}},"1":{"start":{"line":2,"column":0},"end":{"line":2,"column":49}},"2":{"start":{"line":3,"column":0},"end":{"line":3,"column":47}},"3":{"start":{"line":6,"column":19},"end":{"line":16,"column":2}},"4":{"start":{"line":18,"column":0},"end":{"line":18,"column":null}},"5":{"start":{"line":19,"column":2},"end":{"line":19,"column":null}},"6":{"start":{"line":20,"column":2},"end":{"line":20,"column":null}},"7":{"start":{"line":31,"column":22},"end":{"line":31,"column":40}},"8":{"start":{"line":32,"column":18},"end":{"line":32,"column":20}},"9":{"start":{"line":33,"column":19},"end":{"line":33,"column":21}},"10":{"start":{"line":34,"column":18},"end":{"line":34,"column":20}},"11":{"start":{"line":35,"column":22},"end":{"line":35,"column":27}},"12":{"start":{"line":38,"column":4},"end":{"line":38,"column":51}},"13":{"start":{"line":42,"column":4},"end":{"line":42,"column":51}},"14":{"start":{"line":29,"column":13},"end":{"line":29,"column":28}},"15":{"start":{"line":29,"column":13},"end":{"line":45,"column":null}}},"fnMap":{"0":{"name":"(anonymous_0)","decl":{"start":{"line":18,"column":0},"end":{"line":18,"column":5}},"loc":{"start":{"line":18,"column":15},"end":{"line":21,"column":1}}},"1":{"name":"(anonymous_1)","decl":{"start":{"line":37,"column":2},"end":{"line":37,"column":13}},"loc":{"start":{"line":37,"column":20},"end":{"line":39,"column":3}}},"2":{"name":"(anonymous_2)","decl":{"start":{"line":41,"column":2},"end":{"line":41,"column":13}},"loc":{"start":{"line":41,"column":20},"end":{"line":43,"column":3}}}},"branchMap":{"0":{"loc":{"start":{"line":18,"column":5},"end":{"line":18,"column":null}},"type":"binary-expr","locations":[{"start":{"line":18,"column":5},"end":{"line":18,"column":15}},{"start":{"line":18,"column":5},"end":{"line":18,"column":null}}]}},"s":{"0":1,"1":1,"2":1,"3":1,"4":1,"5":1,"6":1,"7":1,"8":1,"9":1,"10":1,"11":1,"12":2,"13":2,"14":1,"15":1},"f":{"0":1,"1":2,"2":2},"b":{"0":[1,1]}}
,"C:\\Users\\frederico-cappellari\\Desktop\\Pessoal\\Pós PUC\\TCC\\tcc-desenvolvimento-full-stack-front-end\\gestao-financeira-frontend\\src\\app\\shared\\components\\field-message\\field-message.component.html": {"path":"C:\\Users\\frederico-cappellari\\Desktop\\Pessoal\\Pós PUC\\TCC\\tcc-desenvolvimento-full-stack-front-end\\gestao-financeira-frontend\\src\\app\\shared\\components\\field-message\\field-message.component.html","statementMap":{"0":{"start":{"line":1,"column":0},"end":{"line":1,"column":327}}},"fnMap":{},"branchMap":{},"s":{"0":1},"f":{},"b":{},"_coverageSchema":"1a1c01bbd47fc00a2c39e90264f33305004495a9","hash":"80dc33940101b9714ea27a19b8abb4ecaad6d39e"}
,"C:\\Users\\frederico-cappellari\\Desktop\\Pessoal\\Pós PUC\\TCC\\tcc-desenvolvimento-full-stack-front-end\\gestao-financeira-frontend\\src\\app\\shared\\components\\field-message\\field-message.component.ts": {"path":"C:\\Users\\frederico-cappellari\\Desktop\\Pessoal\\Pós PUC\\TCC\\tcc-desenvolvimento-full-stack-front-end\\gestao-financeira-frontend\\src\\app\\shared\\components\\field-message\\field-message.component.ts","statementMap":{"0":{"start":{"line":1,"column":0},"end":{"line":1,"column":49}},"1":{"start":{"line":11,"column":40},"end":{"line":11,"column":45}},"2":{"start":{"line":12,"column":28},"end":{"line":12,"column":30}},"3":{"start":{"line":14,"column":9},"end":{"line":14,"column":11}},"4":{"start":{"line":17,"column":4},"end":{"line":39,"column":5}},"5":{"start":{"line":18,"column":6},"end":{"line":37,"column":null}},"6":{"start":{"line":19,"column":8},"end":{"line":19,"column":23}},"7":{"start":{"line":21,"column":8},"end":{"line":23,"column":9}},"8":{"start":{"line":22,"column":10},"end":{"line":22,"column":42}},"9":{"start":{"line":25,"column":8},"end":{"line":27,"column":9}},"10":{"start":{"line":26,"column":10},"end":{"line":26,"column":101}},"11":{"start":{"line":29,"column":8},"end":{"line":31,"column":9}},"12":{"start":{"line":30,"column":10},"end":{"line":30,"column":100}},"13":{"start":{"line":33,"column":8},"end":{"line":35,"column":9}},"14":{"start":{"line":34,"column":10},"end":{"line":34,"column":61}},"15":{"start":{"line":38,"column":6},"end":{"line":38,"column":18}},"16":{"start":{"line":40,"column":4},"end":{"line":40,"column":17}},"17":{"start":{"line":9,"column":13},"end":{"line":9,"column":34}},"18":{"start":{"line":9,"column":13},"end":{"line":42,"column":null}}},"fnMap":{"0":{"name":"(anonymous_0)","decl":{"start":{"line":16,"column":2},"end":{"line":16,"column":12}},"loc":{"start":{"line":16,"column":26},"end":{"line":41,"column":3}}},"1":{"name":"(anonymous_1)","decl":{"start":{"line":18,"column":32},"end":{"line":18,"column":35}},"loc":{"start":{"line":18,"column":38},"end":{"line":37,"column":7}}}},"branchMap":{"0":{"loc":{"start":{"line":17,"column":4},"end":{"line":39,"column":5}},"type":"if","locations":[{"start":{"line":17,"column":4},"end":{"line":39,"column":5}}]},"1":{"loc":{"start":{"line":21,"column":8},"end":{"line":23,"column":9}},"type":"if","locations":[{"start":{"line":21,"column":8},"end":{"line":23,"column":9}}]},"2":{"loc":{"start":{"line":25,"column":8},"end":{"line":27,"column":9}},"type":"if","locations":[{"start":{"line":25,"column":8},"end":{"line":27,"column":9}}]},"3":{"loc":{"start":{"line":29,"column":8},"end":{"line":31,"column":9}},"type":"if","locations":[{"start":{"line":29,"column":8},"end":{"line":31,"column":9}}]},"4":{"loc":{"start":{"line":33,"column":8},"end":{"line":35,"column":9}},"type":"if","locations":[{"start":{"line":33,"column":8},"end":{"line":35,"column":9}}]}},"s":{"0":1,"1":6,"2":6,"3":6,"4":5,"5":4,"6":4,"7":4,"8":1,"9":4,"10":1,"11":4,"12":1,"13":4,"14":1,"15":4,"16":1,"17":1,"18":1},"f":{"0":5,"1":4},"b":{"0":[4],"1":[1],"2":[1],"3":[1],"4":[1]}}
,"C:\\Users\\frederico-cappellari\\Desktop\\Pessoal\\Pós PUC\\TCC\\tcc-desenvolvimento-full-stack-front-end\\gestao-financeira-frontend\\src\\app\\shared\\components\\loading\\loading.component.html": {"path":"C:\\Users\\frederico-cappellari\\Desktop\\Pessoal\\Pós PUC\\TCC\\tcc-desenvolvimento-full-stack-front-end\\gestao-financeira-frontend\\src\\app\\shared\\components\\loading\\loading.component.html","statementMap":{"0":{"start":{"line":1,"column":0},"end":{"line":1,"column":116}}},"fnMap":{},"branchMap":{},"s":{"0":1},"f":{},"b":{},"_coverageSchema":"1a1c01bbd47fc00a2c39e90264f33305004495a9","hash":"9ccb32760253595354265f4418b612acb9aa86d4"}
,"C:\\Users\\frederico-cappellari\\Desktop\\Pessoal\\Pós PUC\\TCC\\tcc-desenvolvimento-full-stack-front-end\\gestao-financeira-frontend\\src\\app\\shared\\components\\loading\\loading.component.ts": {"path":"C:\\Users\\frederico-cappellari\\Desktop\\Pessoal\\Pós PUC\\TCC\\tcc-desenvolvimento-full-stack-front-end\\gestao-financeira-frontend\\src\\app\\shared\\components\\loading\\loading.component.ts","statementMap":{"0":{"start":{"line":1,"column":0},"end":{"line":1,"column":42}},"1":{"start":{"line":9,"column":7},"end":{"line":9,"column":null}},"2":{"start":{"line":9,"column":13},"end":{"line":9,"column":29}},"3":{"start":{"line":9,"column":13},"end":{"line":9,"column":null}}},"fnMap":{},"branchMap":{},"s":{"0":1,"1":1,"2":1,"3":1},"f":{},"b":{}}
,"C:\\Users\\frederico-cappellari\\Desktop\\Pessoal\\Pós PUC\\TCC\\tcc-desenvolvimento-full-stack-front-end\\gestao-financeira-frontend\\src\\app\\shared\\components\\pagination\\pagination.component.html": {"path":"C:\\Users\\frederico-cappellari\\Desktop\\Pessoal\\Pós PUC\\TCC\\tcc-desenvolvimento-full-stack-front-end\\gestao-financeira-frontend\\src\\app\\shared\\components\\pagination\\pagination.component.html","statementMap":{"0":{"start":{"line":1,"column":0},"end":{"line":1,"column":925}}},"fnMap":{},"branchMap":{},"s":{"0":1},"f":{},"b":{},"_coverageSchema":"1a1c01bbd47fc00a2c39e90264f33305004495a9","hash":"2c47a010dbd9bc4e41c5fe6e13a0959191366f6b"}
,"C:\\Users\\frederico-cappellari\\Desktop\\Pessoal\\Pós PUC\\TCC\\tcc-desenvolvimento-full-stack-front-end\\gestao-financeira-frontend\\src\\app\\shared\\components\\pagination\\pagination.component.ts": {"path":"C:\\Users\\frederico-cappellari\\Desktop\\Pessoal\\Pós PUC\\TCC\\tcc-desenvolvimento-full-stack-front-end\\gestao-financeira-frontend\\src\\app\\shared\\components\\pagination\\pagination.component.ts","statementMap":{"0":{"start":{"line":1,"column":0},"end":{"line":1,"column":47}},"1":{"start":{"line":2,"column":0},"end":{"line":2,"column":49}},"2":{"start":{"line":3,"column":0},"end":{"line":3,"column":45}},"3":{"start":{"line":4,"column":0},"end":{"line":4,"column":78}},"4":{"start":{"line":6,"column":0},"end":{"line":6,"column":66}},"5":{"start":{"line":7,"column":0},"end":{"line":7,"column":73}},"6":{"start":{"line":16,"column":36},"end":{"line":16,"column":98}},"7":{"start":{"line":17,"column":24},"end":{"line":17,"column":25}},"8":{"start":{"line":20,"column":4},"end":{"line":20,"column":57}},"9":{"start":{"line":15,"column":13},"end":{"line":15,"column":32}},"10":{"start":{"line":15,"column":13},"end":{"line":22,"column":null}}},"fnMap":{"0":{"name":"(anonymous_0)","decl":{"start":{"line":19,"column":2},"end":{"line":19,"column":13}},"loc":{"start":{"line":19,"column":37},"end":{"line":21,"column":3}}}},"branchMap":{},"s":{"0":1,"1":1,"2":1,"3":1,"4":1,"5":1,"6":1,"7":1,"8":0,"9":1,"10":1},"f":{"0":0},"b":{}}
,"C:\\Users\\frederico-cappellari\\Desktop\\Pessoal\\Pós PUC\\TCC\\tcc-desenvolvimento-full-stack-front-end\\gestao-financeira-frontend\\src\\app\\shared\\services\\event-shared.service.ts": {"path":"C:\\Users\\frederico-cappellari\\Desktop\\Pessoal\\Pós PUC\\TCC\\tcc-desenvolvimento-full-stack-front-end\\gestao-financeira-frontend\\src\\app\\shared\\services\\event-shared.service.ts","statementMap":{"0":{"start":{"line":1,"column":0},"end":{"line":1,"column":57}},"1":{"start":{"line":7,"column":63},"end":{"line":7,"column":65}},"2":{"start":{"line":12,"column":4},"end":{"line":13,"column":58}},"3":{"start":{"line":13,"column":6},"end":{"line":13,"column":58}},"4":{"start":{"line":16,"column":4},"end":{"line":16,"column":37}},"5":{"start":{"line":4,"column":13},"end":{"line":4,"column":31}},"6":{"start":{"line":4,"column":13},"end":{"line":18,"column":null}}},"fnMap":{"0":{"name":"(anonymous_0)","decl":{"start":{"line":10,"column":2},"end":{"line":10,"column":8}},"loc":{"start":{"line":10,"column":31},"end":{"line":17,"column":3}}}},"branchMap":{"0":{"loc":{"start":{"line":12,"column":4},"end":{"line":13,"column":58}},"type":"if","locations":[{"start":{"line":12,"column":4},"end":{"line":13,"column":58}}]}},"s":{"0":1,"1":1,"2":0,"3":0,"4":0,"5":1,"6":1},"f":{"0":0},"b":{"0":[0]}}
}
