TN:
SF:src\app\app.component.html
FNF:0
FNH:0
DA:1,1
LF:1
LH:1
BRF:0
BRH:0
end_of_record
TN:
SF:src\app\app.component.ts
FN:22,(anonymous_0)
FN:24,(anonymous_1)
FN:25,(anonymous_2)
FNF:3
FNH:3
FNDA:4,(anonymous_0)
FNDA:2,(anonymous_1)
FNDA:2,(anonymous_2)
DA:1,1
DA:2,1
DA:3,1
DA:4,1
DA:5,1
DA:6,1
DA:19,1
DA:20,4
DA:22,4
DA:25,2
DA:26,2
DA:27,1
LF:12
LH:12
BRDA:26,0,0,1
BRF:1
BRH:1
end_of_record
TN:
SF:src\app\core\base\base-form.component.ts
FN:11,(anonymous_0)
FN:16,(anonymous_1)
FN:22,(anonymous_2)
FN:26,(anonymous_3)
FN:42,(anonymous_4)
FN:44,(anonymous_5)
FN:50,(anonymous_6)
FN:56,(anonymous_7)
FN:65,(anonymous_8)
FN:75,(anonymous_9)
FN:79,(anonymous_10)
FNF:11
FNH:11
FNDA:38,(anonymous_0)
FNDA:464,(anonymous_1)
FNDA:464,(anonymous_2)
FNDA:3,(anonymous_3)
FNDA:3,(anonymous_4)
FNDA:6,(anonymous_5)
FNDA:1,(anonymous_6)
FNDA:3,(anonymous_7)
FNDA:2,(anonymous_8)
FNDA:857,(anonymous_9)
FNDA:12,(anonymous_10)
DA:1,8
DA:3,8
DA:4,8
DA:6,8
DA:7,38
DA:8,38
DA:11,38
DA:12,38
DA:13,38
DA:17,464
DA:23,464
DA:27,3
DA:29,3
DA:31,0
DA:33,0
DA:34,0
DA:37,0
DA:43,3
DA:44,3
DA:45,6
DA:46,6
DA:47,6
DA:50,3
DA:51,1
DA:57,3
DA:60,3
DA:61,1
DA:66,2
DA:76,857
DA:80,12
LF:30
LH:26
BRDA:18,0,0,464
BRDA:18,0,1,464
BRDA:18,0,2,60
BRDA:27,1,0,3
BRDA:27,1,1,0
BRDA:33,2,0,0
BRDA:33,2,1,0
BRDA:43,3,0,3
BRDA:46,4,0,6
BRDA:60,5,0,1
BRF:10
BRH:7
end_of_record
TN:
SF:src\app\core\base\base-list.component.ts
FNF:0
FNH:0
DA:2,6
DA:4,6
DA:5,14
DA:6,14
LF:4
LH:4
BRF:0
BRH:0
end_of_record
TN:
SF:src\app\core\base\base.component.ts
FN:14,(anonymous_0)
FN:21,(anonymous_1)
FN:22,(anonymous_2)
FN:28,(anonymous_3)
FN:36,(anonymous_4)
FN:47,(anonymous_5)
FN:54,(anonymous_6)
FN:55,(anonymous_7)
FN:63,(anonymous_8)
FN:74,(anonymous_9)
FN:75,(anonymous_10)
FN:83,(anonymous_11)
FN:94,(anonymous_12)
FN:100,(anonymous_13)
FN:108,(anonymous_14)
FN:119,(anonymous_15)
FN:128,(anonymous_16)
FN:136,(anonymous_17)
FNF:18
FNH:15
FNDA:485,(anonymous_0)
FNDA:15,(anonymous_1)
FNDA:2,(anonymous_2)
FNDA:7,(anonymous_3)
FNDA:93,(anonymous_4)
FNDA:2,(anonymous_5)
FNDA:2,(anonymous_6)
FNDA:2,(anonymous_7)
FNDA:2,(anonymous_8)
FNDA:0,(anonymous_9)
FNDA:0,(anonymous_10)
FNDA:0,(anonymous_11)
FNDA:4,(anonymous_12)
FNDA:4,(anonymous_13)
FNDA:4,(anonymous_14)
FNDA:6,(anonymous_15)
FNDA:7,(anonymous_16)
FNDA:1,(anonymous_17)
DA:1,23
DA:2,23
DA:3,23
DA:5,23
DA:6,93
DA:7,93
DA:15,485
DA:22,15
DA:28,93
DA:29,7
DA:30,7
DA:36,93
DA:37,93
DA:38,93
DA:48,2
DA:55,2
DA:56,2
DA:64,2
DA:65,1
DA:67,1
DA:69,2
DA:75,0
DA:76,0
DA:84,0
DA:85,0
DA:87,0
DA:89,0
DA:100,4
DA:101,4
DA:109,4
DA:110,2
DA:112,2
DA:114,4
DA:120,6
DA:129,7
DA:137,1
DA:138,1
LF:37
LH:31
BRDA:54,0,0,2
BRDA:64,1,0,1
BRDA:64,1,1,1
BRDA:74,2,0,0
BRDA:84,3,0,0
BRDA:84,3,1,0
BRDA:95,4,0,2
BRDA:96,5,0,3
BRDA:97,6,0,3
BRDA:98,7,0,3
BRDA:109,8,0,2
BRDA:109,8,1,2
BRDA:119,9,0,1
BRDA:128,10,0,1
BRF:14
BRH:11
end_of_record
TN:
SF:src\app\core\base\base.service.ts
FN:7,(anonymous_0)
FN:11,(anonymous_1)
FN:15,(anonymous_2)
FN:25,(anonymous_3)
FN:29,(anonymous_4)
FN:35,(anonymous_5)
FN:41,(anonymous_6)
FN:45,(anonymous_7)
FN:51,(anonymous_8)
FN:57,(anonymous_9)
FN:63,(anonymous_10)
FN:67,(anonymous_11)
FN:74,(anonymous_12)
FN:78,(anonymous_13)
FNF:14
FNH:7
FNDA:137,(anonymous_0)
FNDA:0,(anonymous_1)
FNDA:0,(anonymous_2)
FNDA:128,(anonymous_3)
FNDA:0,(anonymous_4)
FNDA:0,(anonymous_5)
FNDA:3,(anonymous_6)
FNDA:0,(anonymous_7)
FNDA:1,(anonymous_8)
FNDA:2,(anonymous_9)
FNDA:0,(anonymous_10)
FNDA:0,(anonymous_11)
FNDA:162,(anonymous_12)
FNDA:162,(anonymous_13)
DA:1,28
DA:3,28
DA:6,28
DA:7,137
DA:12,0
DA:19,0
DA:26,128
DA:30,0
DA:36,0
DA:42,3
DA:46,0
DA:52,1
DA:58,2
DA:64,0
DA:68,0
DA:69,0
DA:75,162
DA:79,162
DA:80,162
DA:81,162
LF:20
LH:12
BRF:0
BRH:0
end_of_record
TN:
SF:src\app\modules\exemplo\exemplo.routes.ts
FNF:0
FNH:0
DA:2,1
DA:3,1
DA:4,1
DA:5,1
DA:6,1
DA:7,1
DA:8,1
DA:9,1
DA:10,1
DA:11,1
DA:12,1
DA:13,1
DA:15,1
LF:13
LH:13
BRF:0
BRH:0
end_of_record
TN:
SF:src\app\modules\exemplo\components\abas\abas.component.html
FNF:0
FNH:0
DA:1,2
LF:1
LH:1
BRF:0
BRH:0
end_of_record
TN:
SF:src\app\modules\exemplo\components\abas\abas.component.ts
FN:18,(anonymous_0)
FN:22,(anonymous_1)
FNF:2
FNH:2
FNDA:1,(anonymous_0)
FNDA:1,(anonymous_1)
DA:1,2
DA:2,2
DA:3,2
DA:4,2
DA:5,2
DA:6,2
DA:7,2
DA:16,2
DA:19,1
DA:23,1
LF:10
LH:10
BRF:0
BRH:0
end_of_record
TN:
SF:src\app\modules\exemplo\components\acordeao\acordeao.component.html
FNF:0
FNH:0
DA:1,3
LF:1
LH:1
BRF:0
BRH:0
end_of_record
TN:
SF:src\app\modules\exemplo\components\acordeao\acordeao.component.ts
FN:14,(anonymous_0)
FN:18,(anonymous_1)
FNF:2
FNH:2
FNDA:2,(anonymous_0)
FNDA:2,(anonymous_1)
DA:1,3
DA:2,3
DA:3,3
DA:12,3
DA:15,2
DA:19,2
LF:6
LH:6
BRF:0
BRH:0
end_of_record
TN:
SF:src\app\modules\exemplo\components\arrasta-solta\arrasta-solta.component.html
FNF:0
FNH:0
DA:1,2
LF:1
LH:1
BRF:0
BRH:0
end_of_record
TN:
SF:src\app\modules\exemplo\components\arrasta-solta\arrasta-solta.component.ts
FN:32,(anonymous_0)
FN:36,(anonymous_1)
FNF:2
FNH:2
FNDA:1,(anonymous_0)
FNDA:1,(anonymous_1)
DA:1,2
DA:2,2
DA:3,2
DA:4,2
DA:5,2
DA:19,2
DA:20,1
DA:26,1
DA:33,1
DA:37,1
LF:10
LH:10
BRF:0
BRH:0
end_of_record
TN:
SF:src\app\modules\exemplo\components\barra-progresso\barra-progresso.component.html
FNF:0
FNH:0
DA:1,3
LF:1
LH:1
BRF:0
BRH:0
end_of_record
TN:
SF:src\app\modules\exemplo\components\barra-progresso\barra-progresso.component.ts
FN:25,(anonymous_0)
FN:29,(anonymous_1)
FN:34,(anonymous_2)
FNF:3
FNH:3
FNDA:2,(anonymous_0)
FNDA:2,(anonymous_1)
FNDA:2,(anonymous_2)
DA:1,3
DA:2,3
DA:3,3
DA:20,3
DA:23,2
DA:26,2
DA:30,2
DA:31,2
DA:35,2
DA:37,2
DA:38,2
DA:39,2
DA:40,5
DA:41,5
DA:42,5
LF:15
LH:15
BRF:0
BRH:0
end_of_record
TN:
SF:src\app\modules\exemplo\components\carrossel\carrossel.component.html
FNF:0
FNH:0
DA:1,2
LF:1
LH:1
BRF:0
BRH:0
end_of_record
TN:
SF:src\app\modules\exemplo\components\carrossel\carrossel.component.ts
FN:17,(anonymous_0)
FN:21,(anonymous_1)
FNF:2
FNH:2
FNDA:1,(anonymous_0)
FNDA:1,(anonymous_1)
DA:1,2
DA:2,2
DA:3,2
DA:15,2
DA:18,1
DA:22,1
LF:6
LH:6
BRF:0
BRH:0
end_of_record
TN:
SF:src\app\modules\exemplo\components\classificavel\classificavel.component.html
FNF:0
FNH:0
DA:1,3
LF:1
LH:1
BRF:0
BRH:0
end_of_record
TN:
SF:src\app\modules\exemplo\components\classificavel\classificavel.component.ts
FN:19,(anonymous_0)
FN:23,(anonymous_1)
FNF:2
FNH:2
FNDA:2,(anonymous_0)
FNDA:2,(anonymous_1)
DA:1,3
DA:2,3
DA:3,3
DA:4,3
DA:5,3
DA:14,3
DA:16,2
DA:17,2
DA:20,2
DA:24,2
LF:10
LH:10
BRF:0
BRH:0
end_of_record
TN:
SF:src\app\modules\exemplo\components\exemplo-edit\exemplo-edit.component.html
FNF:0
FNH:0
DA:1,2
LF:1
LH:1
BRF:0
BRH:0
end_of_record
TN:
SF:src\app\modules\exemplo\components\exemplo-edit\exemplo-edit.component.ts
FN:41,(anonymous_0)
FN:51,(anonymous_1)
FN:57,(anonymous_2)
FN:75,(anonymous_3)
FN:81,(anonymous_4)
FN:96,(anonymous_5)
FN:97,(anonymous_6)
FN:102,(anonymous_7)
FN:111,(anonymous_8)
FN:118,(anonymous_9)
FNF:10
FNH:7
FNDA:8,(anonymous_0)
FNDA:18,(anonymous_1)
FNDA:18,(anonymous_2)
FNDA:3,(anonymous_3)
FNDA:2,(anonymous_4)
FNDA:0,(anonymous_5)
FNDA:0,(anonymous_6)
FNDA:1,(anonymous_7)
FNDA:0,(anonymous_8)
FNDA:1,(anonymous_9)
DA:1,2
DA:2,2
DA:3,2
DA:4,2
DA:5,2
DA:6,2
DA:7,2
DA:8,2
DA:9,2
DA:10,2
DA:12,2
DA:14,2
DA:37,2
DA:39,8
DA:42,8
DA:43,8
DA:44,8
DA:45,8
DA:47,8
DA:48,8
DA:52,18
DA:53,18
DA:54,18
DA:59,18
DA:68,18
DA:69,18
DA:70,18
DA:76,3
DA:77,3
DA:78,3
DA:82,2
DA:83,0
DA:84,0
DA:86,2
DA:89,2
DA:94,2
DA:96,0
DA:97,0
DA:103,1
DA:106,1
DA:107,1
DA:108,1
DA:111,0
DA:112,0
DA:114,0
DA:120,1
DA:121,1
LF:47
LH:40
BRDA:68,0,0,18
BRDA:77,1,0,3
BRDA:77,1,1,0
BRDA:82,2,0,0
BRDA:89,3,0,1
BRDA:89,3,1,1
BRDA:103,4,0,1
BRDA:103,4,1,0
BRDA:106,5,0,1
BRDA:106,5,1,0
BRDA:120,6,0,1
BRDA:120,6,1,1
BRF:12
BRH:8
end_of_record
TN:
SF:src\app\modules\exemplo\components\exemplo-list\exemplo-list.component.html
FNF:0
FNH:0
DA:1,2
LF:1
LH:1
BRF:0
BRH:0
end_of_record
TN:
SF:src\app\modules\exemplo\components\exemplo-list\exemplo-list.component.ts
FN:33,(anonymous_0)
FN:37,(anonymous_1)
FN:42,(anonymous_2)
FN:51,(anonymous_3)
FN:58,(anonymous_4)
FN:65,(anonymous_5)
FN:67,(anonymous_6)
FN:74,(anonymous_7)
FN:76,(anonymous_8)
FN:84,(anonymous_9)
FN:87,(anonymous_10)
FN:89,(anonymous_11)
FN:93,(anonymous_12)
FNF:13
FNH:6
FNDA:5,(anonymous_0)
FNDA:1,(anonymous_1)
FNDA:0,(anonymous_2)
FNDA:0,(anonymous_3)
FNDA:0,(anonymous_4)
FNDA:2,(anonymous_5)
FNDA:1,(anonymous_6)
FNDA:2,(anonymous_7)
FNDA:2,(anonymous_8)
FNDA:0,(anonymous_9)
FNDA:0,(anonymous_10)
FNDA:0,(anonymous_11)
FNDA:0,(anonymous_12)
DA:1,2
DA:2,2
DA:3,2
DA:4,2
DA:5,2
DA:6,2
DA:7,2
DA:8,2
DA:9,2
DA:11,2
DA:29,2
DA:33,5
DA:34,5
DA:38,1
DA:39,1
DA:43,0
DA:44,0
DA:52,0
DA:53,0
DA:54,0
DA:55,0
DA:56,0
DA:59,0
DA:66,2
DA:68,1
DA:69,1
DA:75,2
DA:76,2
DA:77,2
DA:78,1
DA:85,0
DA:86,0
DA:88,0
DA:89,0
DA:90,0
DA:94,0
LF:36
LH:22
BRDA:75,0,0,2
BRDA:77,1,0,1
BRF:2
BRH:2
end_of_record
TN:
SF:src\app\modules\exemplo\components\grafico\grafico.component.html
FNF:0
FNH:0
DA:1,2
LF:1
LH:1
BRF:0
BRH:0
end_of_record
TN:
SF:src\app\modules\exemplo\components\grafico\grafico.component.ts
FN:84,(anonymous_0)
FN:88,(anonymous_1)
FNF:2
FNH:2
FNDA:1,(anonymous_0)
FNDA:1,(anonymous_1)
DA:1,2
DA:2,2
DA:3,2
DA:13,2
DA:15,1
DA:43,1
DA:58,1
DA:70,1
DA:85,1
DA:89,1
LF:10
LH:10
BRF:0
BRH:0
end_of_record
TN:
SF:src\app\modules\exemplo\components\mapa\mapa.component.html
FNF:0
FNH:0
DA:1,2
LF:1
LH:1
BRF:0
BRH:0
end_of_record
TN:
SF:src\app\modules\exemplo\components\mapa\mapa.component.ts
FN:28,(anonymous_0)
FN:32,(anonymous_1)
FN:38,(anonymous_2)
FN:46,(anonymous_3)
FN:51,(anonymous_4)
FN:52,(anonymous_5)
FN:53,(anonymous_6)
FN:62,(anonymous_7)
FN:64,(anonymous_8)
FN:68,(anonymous_9)
FN:75,(anonymous_10)
FN:98,(anonymous_11)
FN:105,(anonymous_12)
FN:114,(anonymous_13)
FN:117,(anonymous_14)
FN:118,(anonymous_15)
FN:126,(anonymous_16)
FN:141,(anonymous_17)
FN:152,(anonymous_18)
FN:153,(anonymous_19)
FNF:20
FNH:6
FNDA:1,(anonymous_0)
FNDA:1,(anonymous_1)
FNDA:1,(anonymous_2)
FNDA:1,(anonymous_3)
FNDA:1,(anonymous_4)
FNDA:1,(anonymous_5)
FNDA:0,(anonymous_6)
FNDA:0,(anonymous_7)
FNDA:0,(anonymous_8)
FNDA:0,(anonymous_9)
FNDA:0,(anonymous_10)
FNDA:0,(anonymous_11)
FNDA:0,(anonymous_12)
FNDA:0,(anonymous_13)
FNDA:0,(anonymous_14)
FNDA:0,(anonymous_15)
FNDA:0,(anonymous_16)
FNDA:0,(anonymous_17)
FNDA:0,(anonymous_18)
FNDA:0,(anonymous_19)
DA:1,2
DA:2,2
DA:3,2
DA:4,2
DA:5,2
DA:17,2
DA:20,1
DA:24,1
DA:28,1
DA:29,1
DA:33,1
DA:34,1
DA:39,1
DA:40,1
DA:42,0
DA:47,1
DA:52,1
DA:53,1
DA:54,1
DA:55,1
DA:56,1
DA:57,1
DA:63,0
DA:64,0
DA:65,0
DA:66,0
DA:67,0
DA:69,0
DA:76,0
DA:80,0
DA:82,0
DA:85,0
DA:92,0
DA:98,0
DA:106,0
DA:107,0
DA:108,0
DA:109,0
DA:115,0
DA:116,0
DA:117,0
DA:119,0
DA:120,0
DA:127,0
DA:128,0
DA:129,0
DA:130,0
DA:131,0
DA:132,0
DA:134,0
DA:137,0
DA:142,0
DA:153,0
DA:154,0
LF:54
LH:21
BRDA:39,0,0,1
BRDA:47,1,0,1
BRDA:47,1,1,0
BRDA:63,2,0,0
BRDA:127,3,0,0
BRDA:127,4,0,0
BRDA:127,4,1,0
BRDA:129,5,0,0
BRDA:129,5,1,0
BRDA:132,6,0,0
BRDA:132,6,1,0
BRDA:132,7,0,0
BRDA:132,7,1,0
BRDA:152,8,0,0
BRDA:154,9,0,0
BRDA:154,9,1,0
BRDA:154,10,0,0
BRDA:154,10,1,0
BRF:18
BRH:2
end_of_record
TN:
SF:src\app\modules\exemplo\components\modal\modal.component.html
FNF:0
FNH:0
DA:1,2
LF:1
LH:1
BRF:0
BRH:0
end_of_record
TN:
SF:src\app\modules\exemplo\components\modal\modal.component.ts
FN:16,(anonymous_0)
FN:20,(anonymous_1)
FN:24,(anonymous_2)
FNF:3
FNH:2
FNDA:1,(anonymous_0)
FNDA:1,(anonymous_1)
FNDA:0,(anonymous_2)
DA:1,2
DA:2,2
DA:3,2
DA:12,2
DA:16,1
DA:17,1
DA:21,1
DA:25,0
LF:8
LH:7
BRF:0
BRH:0
end_of_record
TN:
SF:src\app\modules\exemplo\resolver\exemplo.resolver.ts
FN:11,(anonymous_0)
FN:13,(anonymous_1)
FNF:2
FNH:2
FNDA:1,(anonymous_0)
FNDA:1,(anonymous_1)
DA:1,2
DA:4,2
DA:9,2
DA:11,1
DA:14,1
LF:5
LH:5
BRF:0
BRH:0
end_of_record
TN:
SF:src\app\modules\exemplo\services\exemplo.service.ts
FN:50,(anonymous_0)
FN:54,(anonymous_1)
FN:58,(anonymous_2)
FN:62,(anonymous_3)
FNF:4
FNH:4
FNDA:17,(anonymous_0)
FNDA:1,(anonymous_1)
FNDA:19,(anonymous_2)
FNDA:3,(anonymous_3)
DA:1,5
DA:2,5
DA:3,5
DA:7,5
DA:38,5
DA:48,5
DA:50,17
DA:51,17
DA:55,1
DA:59,19
DA:63,3
LF:11
LH:11
BRF:0
BRH:0
end_of_record
TN:
SF:src\app\modules\exemplo\services\mapa.service.ts
FN:11,(anonymous_0)
FN:13,(anonymous_1)
FNF:2
FNH:1
FNDA:1,(anonymous_0)
FNDA:0,(anonymous_1)
DA:1,2
DA:2,2
DA:4,2
DA:9,2
DA:11,1
DA:14,0
DA:15,0
DA:16,0
LF:8
LH:5
BRF:0
BRH:0
end_of_record
TN:
SF:src\app\modules\locadora\locadora.routes.ts
FNF:0
FNH:0
DA:2,1
DA:3,1
DA:4,1
DA:5,1
DA:6,1
DA:7,1
DA:8,1
DA:9,1
DA:10,1
DA:11,1
DA:13,1
LF:11
LH:11
BRF:0
BRH:0
end_of_record
TN:
SF:src\app\modules\locadora\components\cliente-form\cliente-form.component.html
FNF:0
FNH:0
DA:1,2
LF:1
LH:1
BRF:0
BRH:0
end_of_record
TN:
SF:src\app\modules\locadora\components\cliente-form\cliente-form.component.ts
FN:56,(anonymous_0)
FN:68,(anonymous_1)
FN:69,(anonymous_2)
FN:74,(anonymous_3)
FN:107,(anonymous_4)
FN:113,(anonymous_5)
FN:118,(anonymous_6)
FN:126,(anonymous_7)
FN:141,(anonymous_8)
FN:142,(anonymous_9)
FN:147,(anonymous_10)
FN:158,(anonymous_11)
FN:165,(anonymous_12)
FN:171,(anonymous_13)
FN:179,(anonymous_14)
FN:192,(anonymous_15)
FN:197,(anonymous_16)
FNF:17
FNH:10
FNDA:7,(anonymous_0)
FNDA:16,(anonymous_1)
FNDA:0,(anonymous_2)
FNDA:16,(anonymous_3)
FNDA:2,(anonymous_4)
FNDA:2,(anonymous_5)
FNDA:2,(anonymous_6)
FNDA:2,(anonymous_7)
FNDA:0,(anonymous_8)
FNDA:0,(anonymous_9)
FNDA:1,(anonymous_10)
FNDA:0,(anonymous_11)
FNDA:1,(anonymous_12)
FNDA:471,(anonymous_13)
FNDA:0,(anonymous_14)
FNDA:0,(anonymous_15)
FNDA:0,(anonymous_16)
DA:1,2
DA:2,2
DA:3,2
DA:10,2
DA:11,2
DA:16,2
DA:17,2
DA:18,2
DA:19,2
DA:20,2
DA:21,2
DA:24,2
DA:25,2
DA:26,2
DA:28,2
DA:49,2
DA:53,7
DA:54,7
DA:57,7
DA:58,7
DA:59,7
DA:60,7
DA:61,7
DA:62,7
DA:64,7
DA:65,7
DA:69,16
DA:70,16
DA:71,16
DA:76,16
DA:95,16
DA:96,16
DA:97,16
DA:98,16
DA:99,16
DA:102,16
DA:108,2
DA:109,2
DA:110,2
DA:114,2
DA:115,2
DA:119,2
DA:120,2
DA:123,2
DA:127,2
DA:128,0
DA:129,0
DA:131,2
DA:134,2
DA:139,2
DA:141,0
DA:142,0
DA:148,1
DA:153,1
DA:154,1
DA:155,1
DA:158,0
DA:159,0
DA:161,0
DA:167,1
DA:168,1
DA:172,471
DA:173,471
DA:174,0
DA:175,0
DA:177,471
DA:180,0
DA:181,0
DA:182,0
DA:183,0
DA:186,0
DA:187,0
DA:188,0
DA:189,0
DA:192,0
DA:194,0
DA:195,0
DA:198,0
DA:202,470
LF:79
LH:58
BRDA:95,0,0,16
BRDA:114,1,0,0
BRDA:114,2,0,0
BRDA:114,2,1,0
BRDA:119,3,0,2
BRDA:127,4,0,0
BRDA:134,5,0,1
BRDA:134,5,1,1
BRDA:148,6,0,1
BRDA:148,6,1,0
BRDA:153,7,0,1
BRDA:153,7,1,0
BRDA:167,8,0,1
BRDA:167,8,1,1
BRDA:173,9,0,0
BRDA:180,10,0,0
BRF:16
BRH:8
end_of_record
TN:
SF:src\app\modules\locadora\components\cliente-list\cliente-list.component.html
FNF:0
FNH:0
DA:1,2
LF:1
LH:1
BRF:0
BRH:0
end_of_record
TN:
SF:src\app\modules\locadora\components\cliente-list\cliente-list.component.ts
FN:35,(anonymous_0)
FN:39,(anonymous_1)
FN:44,(anonymous_2)
FN:53,(anonymous_3)
FN:58,(anonymous_4)
FN:65,(anonymous_5)
FN:67,(anonymous_6)
FNF:7
FNH:4
FNDA:3,(anonymous_0)
FNDA:1,(anonymous_1)
FNDA:0,(anonymous_2)
FNDA:0,(anonymous_3)
FNDA:0,(anonymous_4)
FNDA:2,(anonymous_5)
FNDA:1,(anonymous_6)
DA:1,2
DA:2,2
DA:3,2
DA:4,2
DA:5,2
DA:6,2
DA:7,2
DA:8,2
DA:9,2
DA:10,2
DA:12,2
DA:31,2
DA:35,3
DA:36,3
DA:40,1
DA:41,1
DA:45,0
DA:46,0
DA:54,0
DA:55,0
DA:56,0
DA:59,0
DA:66,2
DA:68,1
DA:69,1
LF:25
LH:19
BRF:0
BRH:0
end_of_record
TN:
SF:src\app\modules\locadora\components\locacao-encerramento-form\locacao-encerramento-form.component.html
FNF:0
FNH:0
DA:1,2
LF:1
LH:1
BRF:0
BRH:0
end_of_record
TN:
SF:src\app\modules\locadora\components\locacao-encerramento-form\locacao-encerramento-form.component.ts
FN:51,(anonymous_0)
FN:61,(anonymous_1)
FN:66,(anonymous_2)
FN:80,(anonymous_3)
FN:86,(anonymous_4)
FN:101,(anonymous_5)
FN:102,(anonymous_6)
FN:107,(anonymous_7)
FN:109,(anonymous_8)
FN:115,(anonymous_9)
FNF:10
FNH:3
FNDA:3,(anonymous_0)
FNDA:7,(anonymous_1)
FNDA:7,(anonymous_2)
FNDA:0,(anonymous_3)
FNDA:0,(anonymous_4)
FNDA:0,(anonymous_5)
FNDA:0,(anonymous_6)
FNDA:0,(anonymous_7)
FNDA:0,(anonymous_8)
FNDA:0,(anonymous_9)
DA:1,2
DA:2,2
DA:3,2
DA:10,2
DA:11,2
DA:16,2
DA:17,2
DA:18,2
DA:19,2
DA:20,2
DA:21,2
DA:23,2
DA:24,2
DA:26,2
DA:47,2
DA:52,3
DA:53,3
DA:54,3
DA:55,3
DA:57,3
DA:58,3
DA:62,7
DA:63,7
DA:68,7
DA:81,0
DA:83,0
DA:87,0
DA:88,0
DA:89,0
DA:91,0
DA:93,0
DA:99,0
DA:101,0
DA:102,0
DA:108,0
DA:109,0
DA:110,0
DA:112,0
DA:117,0
DA:118,0
LF:40
LH:24
BRDA:87,0,0,0
BRDA:117,1,0,0
BRDA:117,1,1,0
BRF:3
BRH:0
end_of_record
TN:
SF:src\app\modules\locadora\components\locacao-form\locacao-form.component.html
FNF:0
FNH:0
DA:1,2
LF:1
LH:1
BRF:0
BRH:0
end_of_record
TN:
SF:src\app\modules\locadora\components\locacao-form\locacao-form.component.ts
FN:57,(anonymous_0)
FN:69,(anonymous_1)
FN:72,(anonymous_2)
FN:76,(anonymous_3)
FN:78,(anonymous_4)
FN:85,(anonymous_5)
FN:96,(anonymous_6)
FN:102,(anonymous_7)
FN:104,(anonymous_8)
FN:107,(anonymous_9)
FN:122,(anonymous_10)
FN:123,(anonymous_11)
FN:128,(anonymous_12)
FN:139,(anonymous_13)
FN:146,(anonymous_14)
FN:152,(anonymous_15)
FNF:16
FNH:6
FNDA:6,(anonymous_0)
FNDA:14,(anonymous_1)
FNDA:0,(anonymous_2)
FNDA:0,(anonymous_3)
FNDA:0,(anonymous_4)
FNDA:14,(anonymous_5)
FNDA:0,(anonymous_6)
FNDA:0,(anonymous_7)
FNDA:0,(anonymous_8)
FNDA:1,(anonymous_9)
FNDA:0,(anonymous_10)
FNDA:0,(anonymous_11)
FNDA:1,(anonymous_12)
FNDA:0,(anonymous_13)
FNDA:1,(anonymous_14)
FNDA:0,(anonymous_15)
DA:1,2
DA:2,2
DA:3,2
DA:10,2
DA:11,2
DA:16,2
DA:17,2
DA:18,2
DA:19,2
DA:20,2
DA:21,2
DA:25,2
DA:26,2
DA:27,2
DA:29,2
DA:50,2
DA:54,6
DA:55,6
DA:58,6
DA:59,6
DA:60,6
DA:61,6
DA:62,6
DA:63,6
DA:65,6
DA:66,6
DA:70,14
DA:72,0
DA:73,14
DA:77,0
DA:78,0
DA:81,14
DA:82,14
DA:87,14
DA:97,0
DA:98,0
DA:99,0
DA:103,0
DA:104,0
DA:108,1
DA:109,1
DA:110,1
DA:112,0
DA:115,0
DA:120,0
DA:122,0
DA:123,0
DA:129,1
DA:134,1
DA:135,1
DA:136,1
DA:139,0
DA:140,0
DA:142,0
DA:148,1
DA:149,1
DA:153,0
DA:154,0
DA:156,0
DA:157,0
DA:160,0
DA:161,0
DA:164,0
DA:168,0
DA:169,0
LF:65
LH:40
BRDA:104,0,0,0
BRDA:104,0,1,0
BRDA:108,1,0,1
BRDA:115,2,0,0
BRDA:115,2,1,0
BRDA:129,3,0,1
BRDA:129,3,1,0
BRDA:134,4,0,1
BRDA:134,4,1,0
BRDA:148,5,0,1
BRDA:148,5,1,1
BRDA:156,6,0,0
BRDA:156,7,0,0
BRDA:156,7,1,0
BRDA:160,8,0,0
BRDA:160,8,1,0
BRF:16
BRH:5
end_of_record
TN:
SF:src\app\modules\locadora\components\locacao-list\locacao-list.component.html
FNF:0
FNH:0
DA:1,2
LF:1
LH:1
BRF:0
BRH:0
end_of_record
TN:
SF:src\app\modules\locadora\components\locacao-list\locacao-list.component.ts
FN:33,(anonymous_0)
FN:37,(anonymous_1)
FN:42,(anonymous_2)
FN:51,(anonymous_3)
FN:56,(anonymous_4)
FN:63,(anonymous_5)
FN:65,(anonymous_6)
FNF:7
FNH:4
FNDA:3,(anonymous_0)
FNDA:1,(anonymous_1)
FNDA:0,(anonymous_2)
FNDA:0,(anonymous_3)
FNDA:0,(anonymous_4)
FNDA:2,(anonymous_5)
FNDA:1,(anonymous_6)
DA:1,2
DA:2,2
DA:3,2
DA:4,2
DA:5,2
DA:6,2
DA:7,2
DA:8,2
DA:9,2
DA:11,2
DA:29,2
DA:33,3
DA:34,3
DA:38,1
DA:39,1
DA:43,0
DA:44,0
DA:52,0
DA:53,0
DA:54,0
DA:57,0
DA:64,2
DA:66,1
DA:67,1
LF:24
LH:18
BRF:0
BRH:0
end_of_record
TN:
SF:src\app\modules\locadora\components\veiculo-form\veiculo-form.component.html
FNF:0
FNH:0
DA:1,2
LF:1
LH:1
BRF:0
BRH:0
end_of_record
TN:
SF:src\app\modules\locadora\components\veiculo-form\veiculo-form.component.ts
FN:72,(anonymous_0)
FN:89,(anonymous_1)
FN:90,(anonymous_2)
FN:93,(anonymous_3)
FN:96,(anonymous_4)
FN:99,(anonymous_5)
FN:102,(anonymous_6)
FN:105,(anonymous_7)
FN:108,(anonymous_8)
FN:113,(anonymous_9)
FN:144,(anonymous_10)
FN:161,(anonymous_11)
FN:166,(anonymous_12)
FN:194,(anonymous_13)
FN:202,(anonymous_14)
FN:210,(anonymous_15)
FN:218,(anonymous_16)
FN:233,(anonymous_17)
FN:234,(anonymous_18)
FN:239,(anonymous_19)
FN:254,(anonymous_20)
FN:265,(anonymous_21)
FN:272,(anonymous_22)
FNF:23
FNH:13
FNDA:7,(anonymous_0)
FNDA:16,(anonymous_1)
FNDA:0,(anonymous_2)
FNDA:0,(anonymous_3)
FNDA:0,(anonymous_4)
FNDA:0,(anonymous_5)
FNDA:0,(anonymous_6)
FNDA:0,(anonymous_7)
FNDA:0,(anonymous_8)
FNDA:16,(anonymous_9)
FNDA:32,(anonymous_10)
FNDA:2,(anonymous_11)
FNDA:2,(anonymous_12)
FNDA:30,(anonymous_13)
FNDA:16,(anonymous_14)
FNDA:16,(anonymous_15)
FNDA:2,(anonymous_16)
FNDA:0,(anonymous_17)
FNDA:0,(anonymous_18)
FNDA:2,(anonymous_19)
FNDA:1,(anonymous_20)
FNDA:0,(anonymous_21)
FNDA:1,(anonymous_22)
DA:1,2
DA:2,2
DA:3,2
DA:10,2
DA:11,2
DA:16,2
DA:17,2
DA:18,2
DA:19,2
DA:20,2
DA:21,2
DA:30,2
DA:31,2
DA:32,2
DA:33,2
DA:34,2
DA:35,2
DA:36,2
DA:37,2
DA:39,2
DA:60,2
DA:64,7
DA:65,7
DA:66,7
DA:67,7
DA:68,7
DA:69,7
DA:70,7
DA:73,7
DA:74,7
DA:75,7
DA:76,7
DA:77,7
DA:78,7
DA:79,7
DA:80,7
DA:81,7
DA:82,7
DA:83,7
DA:85,7
DA:86,7
DA:90,16
DA:91,16
DA:93,0
DA:94,16
DA:96,0
DA:97,16
DA:99,0
DA:100,16
DA:102,0
DA:103,16
DA:105,0
DA:106,16
DA:108,0
DA:109,16
DA:110,16
DA:115,16
DA:131,16
DA:132,16
DA:133,16
DA:134,16
DA:135,16
DA:136,16
DA:137,16
DA:138,16
DA:141,16
DA:142,16
DA:144,32
DA:147,16
DA:148,16
DA:149,16
DA:150,16
DA:151,16
DA:152,16
DA:153,16
DA:154,16
DA:155,16
DA:156,16
DA:162,2
DA:163,2
DA:167,2
DA:179,2
DA:180,2
DA:181,2
DA:182,2
DA:183,2
DA:184,2
DA:185,2
DA:186,2
DA:187,2
DA:188,2
DA:191,2
DA:195,30
DA:196,29
DA:199,1
DA:203,16
DA:204,15
DA:207,1
DA:211,16
DA:212,15
DA:215,1
DA:219,2
DA:220,0
DA:221,0
DA:223,2
DA:226,2
DA:231,2
DA:233,0
DA:234,0
DA:240,2
DA:241,0
DA:242,0
DA:245,2
DA:246,0
DA:249,2
DA:250,2
DA:255,1
DA:260,1
DA:261,1
DA:262,1
DA:265,0
DA:266,0
DA:268,0
DA:274,1
DA:275,1
LF:125
LH:109
BRDA:131,0,0,16
BRDA:167,1,0,2
BRDA:168,2,0,2
BRDA:168,2,1,2
BRDA:168,2,2,2
BRDA:168,2,3,2
BRDA:168,2,4,2
BRDA:168,2,5,2
BRDA:168,2,6,2
BRDA:168,2,7,2
BRDA:168,2,8,2
BRDA:168,2,9,2
BRDA:180,3,0,2
BRDA:180,3,1,1
BRDA:181,4,0,2
BRDA:181,4,1,1
BRDA:184,5,0,2
BRDA:184,5,1,2
BRDA:185,6,0,2
BRDA:185,6,1,2
BRDA:186,7,0,2
BRDA:186,7,1,2
BRDA:187,8,0,2
BRDA:187,8,1,1
BRDA:195,9,0,29
BRDA:203,10,0,15
BRDA:211,11,0,15
BRDA:219,12,0,0
BRDA:226,13,0,1
BRDA:226,13,1,1
BRDA:240,14,0,0
BRDA:245,15,0,0
BRDA:249,16,0,2
BRDA:255,17,0,1
BRDA:255,17,1,0
BRDA:260,18,0,1
BRDA:260,18,1,0
BRDA:274,19,0,1
BRDA:274,19,1,1
BRF:39
BRH:34
end_of_record
TN:
SF:src\app\modules\locadora\components\veiculo-list\veiculo-list.component.html
FNF:0
FNH:0
DA:1,2
LF:1
LH:1
BRF:0
BRH:0
end_of_record
TN:
SF:src\app\modules\locadora\components\veiculo-list\veiculo-list.component.ts
FN:33,(anonymous_0)
FN:37,(anonymous_1)
FN:42,(anonymous_2)
FN:51,(anonymous_3)
FN:53,(anonymous_4)
FN:58,(anonymous_5)
FN:65,(anonymous_6)
FN:67,(anonymous_7)
FN:74,(anonymous_8)
FN:76,(anonymous_9)
FN:84,(anonymous_10)
FN:87,(anonymous_11)
FN:89,(anonymous_12)
FN:93,(anonymous_13)
FNF:14
FNH:4
FNDA:3,(anonymous_0)
FNDA:1,(anonymous_1)
FNDA:0,(anonymous_2)
FNDA:0,(anonymous_3)
FNDA:0,(anonymous_4)
FNDA:0,(anonymous_5)
FNDA:2,(anonymous_6)
FNDA:1,(anonymous_7)
FNDA:0,(anonymous_8)
FNDA:0,(anonymous_9)
FNDA:0,(anonymous_10)
FNDA:0,(anonymous_11)
FNDA:0,(anonymous_12)
FNDA:0,(anonymous_13)
DA:1,2
DA:2,2
DA:3,2
DA:4,2
DA:5,2
DA:6,2
DA:7,2
DA:8,2
DA:9,2
DA:11,2
DA:29,2
DA:33,3
DA:34,3
DA:38,1
DA:39,1
DA:43,0
DA:44,0
DA:52,0
DA:53,0
DA:55,0
DA:56,0
DA:59,0
DA:66,2
DA:68,1
DA:69,1
DA:75,0
DA:76,0
DA:77,0
DA:78,0
DA:85,0
DA:86,0
DA:88,0
DA:89,0
DA:90,0
DA:94,0
LF:35
LH:18
BRDA:75,0,0,0
BRDA:77,1,0,0
BRF:2
BRH:0
end_of_record
TN:
SF:src\app\modules\locadora\resolver\cliente.resolver.ts
FN:10,(anonymous_0)
FN:12,(anonymous_1)
FNF:2
FNH:2
FNDA:1,(anonymous_0)
FNDA:1,(anonymous_1)
DA:1,2
DA:4,2
DA:9,2
DA:10,1
DA:13,1
LF:5
LH:5
BRF:0
BRH:0
end_of_record
TN:
SF:src\app\modules\locadora\resolver\locacao.resolver.ts
FN:10,(anonymous_0)
FN:12,(anonymous_1)
FNF:2
FNH:2
FNDA:1,(anonymous_0)
FNDA:1,(anonymous_1)
DA:1,2
DA:4,2
DA:9,2
DA:10,1
DA:13,1
LF:5
LH:5
BRF:0
BRH:0
end_of_record
TN:
SF:src\app\modules\locadora\resolver\veiculo.resolver.ts
FN:11,(anonymous_0)
FN:13,(anonymous_1)
FNF:2
FNH:2
FNDA:1,(anonymous_0)
FNDA:1,(anonymous_1)
DA:1,2
DA:4,2
DA:9,2
DA:11,1
DA:14,1
LF:5
LH:5
BRF:0
BRH:0
end_of_record
TN:
SF:src\app\modules\locadora\services\cep.service.ts
FN:10,(anonymous_0)
FN:12,(anonymous_1)
FN:18,(anonymous_2)
FN:23,(anonymous_3)
FNF:4
FNH:4
FNDA:9,(anonymous_0)
FNDA:471,(anonymous_1)
FNDA:472,(anonymous_2)
FNDA:471,(anonymous_3)
DA:1,3
DA:2,3
DA:9,3
DA:10,9
DA:13,471
DA:19,472
DA:20,472
DA:24,471
DA:25,471
DA:26,471
LF:10
LH:10
BRF:0
BRH:0
end_of_record
TN:
SF:src\app\modules\locadora\services\cilindrada.service.ts
FN:10,(anonymous_0)
FN:14,(anonymous_1)
FNF:2
FNH:2
FNDA:9,(anonymous_0)
FNDA:17,(anonymous_1)
DA:1,3
DA:2,3
DA:3,3
DA:9,3
DA:10,9
DA:11,9
DA:15,17
LF:7
LH:7
BRF:0
BRH:0
end_of_record
TN:
SF:src\app\modules\locadora\services\cliente.service.ts
FN:12,(anonymous_0)
FN:16,(anonymous_1)
FN:26,(anonymous_2)
FN:32,(anonymous_3)
FNF:4
FNH:3
FNDA:18,(anonymous_0)
FNDA:0,(anonymous_1)
FNDA:14,(anonymous_2)
FNDA:17,(anonymous_3)
DA:1,7
DA:2,7
DA:4,7
DA:11,7
DA:12,18
DA:13,18
DA:20,0
DA:27,14
DA:33,17
LF:9
LH:8
BRF:0
BRH:0
end_of_record
TN:
SF:src\app\modules\locadora\services\combustivel.service.ts
FN:10,(anonymous_0)
FN:14,(anonymous_1)
FNF:2
FNH:2
FNDA:9,(anonymous_0)
FNDA:17,(anonymous_1)
DA:1,3
DA:2,3
DA:3,3
DA:9,3
DA:10,9
DA:11,9
DA:15,17
LF:7
LH:7
BRF:0
BRH:0
end_of_record
TN:
SF:src\app\modules\locadora\services\cor.service.ts
FN:11,(anonymous_0)
FN:15,(anonymous_1)
FNF:2
FNH:2
FNDA:9,(anonymous_0)
FNDA:17,(anonymous_1)
DA:1,3
DA:2,3
DA:3,3
DA:9,3
DA:11,9
DA:12,9
DA:16,17
LF:7
LH:7
BRF:0
BRH:0
end_of_record
TN:
SF:src\app\modules\locadora\services\locacao.service.ts
FN:12,(anonymous_0)
FN:16,(anonymous_1)
FN:26,(anonymous_2)
FN:36,(anonymous_3)
FNF:4
FNH:2
FNDA:11,(anonymous_0)
FNDA:0,(anonymous_1)
FNDA:0,(anonymous_2)
FNDA:1,(anonymous_3)
DA:1,6
DA:2,6
DA:4,6
DA:11,6
DA:12,11
DA:13,11
DA:20,0
DA:27,0
DA:37,1
LF:9
LH:7
BRF:0
BRH:0
end_of_record
TN:
SF:src\app\modules\locadora\services\tipo-automovel.service.ts
FN:10,(anonymous_0)
FN:14,(anonymous_1)
FNF:2
FNH:2
FNDA:9,(anonymous_0)
FNDA:17,(anonymous_1)
DA:1,3
DA:2,3
DA:3,3
DA:9,3
DA:10,9
DA:11,9
DA:15,17
LF:7
LH:7
BRF:0
BRH:0
end_of_record
TN:
SF:src\app\modules\locadora\services\tipo-cambio.service.ts
FN:10,(anonymous_0)
FN:14,(anonymous_1)
FNF:2
FNH:2
FNDA:9,(anonymous_0)
FNDA:17,(anonymous_1)
DA:1,3
DA:2,3
DA:3,3
DA:9,3
DA:10,9
DA:11,9
DA:15,17
LF:7
LH:7
BRF:0
BRH:0
end_of_record
TN:
SF:src\app\modules\locadora\services\tipo-caminhao.service.ts
FN:10,(anonymous_0)
FN:14,(anonymous_1)
FNF:2
FNH:2
FNDA:9,(anonymous_0)
FNDA:17,(anonymous_1)
DA:1,3
DA:2,3
DA:3,3
DA:9,3
DA:10,9
DA:11,9
DA:15,17
LF:7
LH:7
BRF:0
BRH:0
end_of_record
TN:
SF:src\app\modules\locadora\services\tipo-veiculo.service.ts
FN:10,(anonymous_0)
FN:14,(anonymous_1)
FNF:2
FNH:2
FNDA:9,(anonymous_0)
FNDA:17,(anonymous_1)
DA:1,3
DA:2,3
DA:3,3
DA:9,3
DA:10,9
DA:11,9
DA:15,17
LF:7
LH:7
BRF:0
BRH:0
end_of_record
TN:
SF:src\app\modules\locadora\services\uf.service.ts
FN:10,(anonymous_0)
FN:14,(anonymous_1)
FNF:2
FNH:2
FNDA:9,(anonymous_0)
FNDA:17,(anonymous_1)
DA:1,3
DA:2,3
DA:3,3
DA:9,3
DA:10,9
DA:11,9
DA:15,17
LF:7
LH:7
BRF:0
BRH:0
end_of_record
TN:
SF:src\app\modules\locadora\services\veiculo.service.ts
FN:12,(anonymous_0)
FN:16,(anonymous_1)
FN:22,(anonymous_2)
FN:32,(anonymous_3)
FN:38,(anonymous_4)
FNF:5
FNH:3
FNDA:18,(anonymous_0)
FNDA:0,(anonymous_1)
FNDA:0,(anonymous_2)
FNDA:14,(anonymous_3)
FNDA:17,(anonymous_4)
DA:1,6
DA:2,6
DA:4,6
DA:11,6
DA:12,18
DA:13,18
DA:17,0
DA:26,0
DA:33,14
DA:39,17
LF:10
LH:8
BRF:0
BRH:0
end_of_record
TN:
SF:src\app\shared\components\field-message\field-message.component.html
FNF:0
FNH:0
DA:1,8
LF:1
LH:1
BRF:0
BRH:0
end_of_record
TN:
SF:src\app\shared\components\field-message\field-message.component.ts
FN:16,(anonymous_0)
FN:18,(anonymous_1)
FNF:2
FNH:2
FNDA:5,(anonymous_0)
FNDA:4,(anonymous_1)
DA:1,8
DA:10,8
DA:11,238
DA:12,238
DA:14,238
DA:17,5
DA:18,4
DA:19,4
DA:21,4
DA:22,1
DA:25,4
DA:26,1
DA:29,4
DA:30,1
DA:33,4
DA:34,1
DA:37,4
DA:38,0
DA:41,4
DA:43,1
LF:20
LH:19
BRDA:17,0,0,4
BRDA:21,1,0,1
BRDA:25,2,0,1
BRDA:29,3,0,1
BRDA:33,4,0,1
BRDA:37,5,0,0
BRF:6
BRH:5
end_of_record
TN:
SF:src\app\shared\components\loading\loading.component.html
FNF:0
FNH:0
DA:1,1
LF:1
LH:1
BRF:0
BRH:0
end_of_record
TN:
SF:src\app\shared\components\loading\loading.component.ts
FNF:0
FNH:0
DA:1,1
DA:10,1
LF:2
LH:2
BRF:0
BRH:0
end_of_record
TN:
SF:src\app\shared\components\pagination\pagination.component.html
FNF:0
FNH:0
DA:1,7
LF:1
LH:1
BRF:0
BRH:0
end_of_record
TN:
SF:src\app\shared\components\pagination\pagination.component.ts
FN:20,(anonymous_0)
FNF:1
FNH:0
FNDA:0,(anonymous_0)
DA:1,7
DA:2,7
DA:3,7
DA:4,7
DA:6,7
DA:7,7
DA:16,7
DA:17,15
DA:18,15
DA:21,0
LF:10
LH:9
BRF:0
BRH:0
end_of_record
TN:
SF:src\app\shared\pipes\cpfCnpj.pipe.ts
FN:8,(anonymous_0)
FNF:1
FNH:1
FNDA:2,(anonymous_0)
DA:1,3
DA:7,3
DA:9,2
DA:11,2
DA:12,2
DA:14,2
DA:15,0
DA:18,2
DA:20,0
DA:21,0
DA:23,0
DA:24,0
DA:26,0
DA:27,0
DA:29,0
DA:30,0
DA:32,0
DA:33,0
DA:35,0
DA:36,0
DA:38,0
DA:42,0
DA:44,1
DA:48,1
DA:50,0
DA:54,0
DA:57,1
DA:61,1
DA:63,0
DA:66,2
LF:30
LH:12
BRDA:11,0,0,2
BRDA:14,1,0,0
BRDA:18,2,0,0
BRDA:18,2,1,0
BRDA:18,2,2,0
BRDA:18,2,3,0
BRDA:18,2,4,0
BRDA:18,2,5,0
BRDA:18,2,6,0
BRDA:18,2,7,1
BRDA:18,2,8,0
BRDA:18,2,9,0
BRDA:18,2,10,1
BRDA:18,2,11,0
BRF:14
BRH:3
end_of_record
TN:
SF:src\app\shared\pipes\exemplo.pipe.ts
FN:17,(anonymous_0)
FN:18,(anonymous_1)
FNF:2
FNH:2
FNDA:2,(anonymous_0)
FNDA:8,(anonymous_1)
DA:1,7
DA:7,7
DA:10,1
DA:18,8
DA:19,2
LF:5
LH:5
BRDA:19,0,0,1
BRDA:19,0,1,1
BRF:2
BRH:2
end_of_record
TN:
SF:src\app\shared\services\auth.interceptor.ts
FN:11,(anonymous_0)
FN:13,(anonymous_1)
FN:17,(anonymous_2)
FN:37,(anonymous_3)
FN:47,(anonymous_4)
FNF:5
FNH:5
FNDA:6,(anonymous_0)
FNDA:5,(anonymous_1)
FNDA:4,(anonymous_2)
FNDA:3,(anonymous_3)
FNDA:3,(anonymous_4)
DA:1,1
DA:2,1
DA:3,1
DA:4,1
DA:5,1
DA:6,1
DA:7,1
DA:10,1
DA:11,6
DA:14,5
DA:16,4
DA:18,4
DA:21,4
DA:22,4
DA:23,4
DA:27,4
DA:28,4
DA:32,4
DA:33,4
DA:36,4
DA:37,3
DA:43,1
DA:48,3
DA:49,1
DA:50,2
DA:51,0
DA:52,0
DA:53,0
DA:56,3
LF:29
LH:26
BRDA:14,0,0,4
BRDA:14,0,1,1
BRDA:14,1,0,5
BRDA:14,1,1,4
BRDA:23,2,0,4
BRDA:23,2,1,0
BRDA:27,3,0,4
BRDA:48,4,0,1
BRDA:48,4,1,2
BRDA:50,5,0,0
BRDA:51,6,0,0
BRF:11
BRH:8
end_of_record
TN:
SF:src\app\shared\services\auth.service.ts
FN:12,(anonymous_0)
FN:15,(anonymous_1)
FN:20,(anonymous_2)
FN:25,(anonymous_3)
FN:31,(anonymous_4)
FN:33,(anonymous_5)
FN:36,(anonymous_6)
FN:41,(anonymous_7)
FNF:8
FNH:6
FNDA:8,(anonymous_0)
FNDA:0,(anonymous_1)
FNDA:5,(anonymous_2)
FNDA:1,(anonymous_3)
FNDA:1,(anonymous_4)
FNDA:1,(anonymous_5)
FNDA:1,(anonymous_6)
FNDA:0,(anonymous_7)
DA:1,3
DA:2,3
DA:3,3
DA:8,3
DA:10,8
DA:12,8
DA:16,0
DA:21,5
DA:22,5
DA:27,1
DA:28,1
DA:32,1
DA:33,1
DA:37,1
DA:38,1
DA:42,0
DA:43,0
LF:17
LH:14
BRDA:22,0,0,0
BRDA:22,0,1,5
BRF:2
BRH:1
end_of_record
TN:
SF:src\app\shared\services\event-shared.service.ts
FN:10,(anonymous_0)
FNF:1
FNH:1
FNDA:106,(anonymous_0)
DA:1,23
DA:4,23
DA:7,23
DA:12,106
DA:13,19
DA:16,106
LF:6
LH:6
BRDA:12,0,0,19
BRF:1
BRH:1
end_of_record
TN:
SF:src\environments\environment.ts
FNF:0
FNH:0
DA:1,32
LF:1
LH:1
BRF:0
BRH:0
end_of_record
